(---------------------------------------------------------------------)
(                                                                     )
(    Dangling Line, Via and Antenna Report                            )
(                                                                     )
(    Drawing          : sensor_board_place_repl.brd                   )
(    Software Version : 17.4S017                                      )
(    Date/Time        : Wed Sep 22 15:40:09 2021                      )
(                                                                     )
(---------------------------------------------------------------------)


Report methodology:
  - Dangling lines have at least one end not connected.
  - Dangling vias have one or no connection
      - Plus are not a test, thieving or netshort property via.
  - Antenna vias do not have connections on their start and end layers.
      - Plus they are not a thieving vias.
      - Optionally, VOLTAGE nets, testvias and through vias can be suppressed with
        the environment variable report_antennavia.
      - Section may be suppressed by variable report_noantennavia.
  - Not part of the current partition.
  - To suppress items in dangle report add the OK_DANGLE property to the via
    or connect line.



<< Dangling Vias >>
  Net                  Padstack               Location            Layers
  ---------------------------------------------------------------------------
  Not on a Net         VIA0_2C0_5C          (-49.0000 59.0000) TOP/BOTTOM 

<< Summary >>
  Total dangling lines:       0
  Total dangling vias:        1
  Total antenna vias:         0
