2021-09-02 15:08:24,883 [INFO] Activator:170 - 


2021-09-02 15:08:24,884 [INFO] Activator:171 - !SESSION log4j initialized
2021-09-02 15:14:01,024 [INFO] McuFinderGlobals:40 - Set McuFinder mode to 2 (CubeIDE integrated)
2021-09-02 15:14:02,779 [INFO] ApplicationProperties:181 - Using Application install path: /opt/st/stm32cubeide_1.5.0/../../../home/h3l/.eclipse/com.st.stm32cube.ide.mcu.rcp.product_1.5.0_1935173080_linux_gtk_x86_64/plugins/com.st.stm32cube.common.mx_6.1.1.202012091304
2021-09-02 15:14:02,784 [INFO] DbMcusXml:71 - Set database path to: /opt/st/stm32cubeide_1.5.0/../../../home/h3l/.eclipse/com.st.stm32cube.ide.mcu.rcp.product_1.5.0_1935173080_linux_gtk_x86_64/plugins/com.st.stm32cube.common.mx_6.1.1.202012091304//db//mcu/
2021-09-02 15:14:02,787 [INFO] DbBoardsPdsc:57 - Set plugin database path to: /opt/st/stm32cubeide_1.5.0/../../../home/h3l/.eclipse/com.st.stm32cube.ide.mcu.rcp.product_1.5.0_1935173080_linux_gtk_x86_64/plugins/com.st.stm32cube.common.mx_6.1.1.202012091304//db//plugins/boardmanager/
2021-09-02 15:14:02,787 [INFO] DbMcus:259 - Set plugin images path to: /opt/st/stm32cubeide_1.5.0/../../../home/h3l/.eclipse/com.st.stm32cube.ide.mcu.rcp.product_1.5.0_1935173080_linux_gtk_x86_64/plugins/com.st.stm32cube.common.mx_6.1.1.202012091304//db//plugins/mcufinder/images/
2021-09-02 15:14:02,787 [INFO] DbBoards:265 - Set plugin images path to: /opt/st/stm32cubeide_1.5.0/../../../home/h3l/.eclipse/com.st.stm32cube.ide.mcu.rcp.product_1.5.0_1935173080_linux_gtk_x86_64/plugins/com.st.stm32cube.common.mx_6.1.1.202012091304//db//plugins/mcufinder/images/
2021-09-02 15:14:02,789 [INFO] DbExamples:329 - Set plugin images path to: /opt/st/stm32cubeide_1.5.0/../../../home/h3l/.eclipse/com.st.stm32cube.ide.mcu.rcp.product_1.5.0_1935173080_linux_gtk_x86_64/plugins/com.st.stm32cube.common.mx_6.1.1.202012091304//db//plugins/mcufinder/images/
2021-09-02 15:14:02,790 [INFO] DbMcusDocs:112 - Set database path to: /home/h3l/.stmcufinder/plugins/mcufinder//mcu/
2021-09-02 15:14:02,792 [INFO] DbMcusJson:63 - Set database path to: /home/h3l/.stmcufinder/plugins/mcufinder//mcu/
2021-09-02 15:14:02,792 [INFO] DbBoardsDocs:112 - Set database path to: /home/h3l/.stmcufinder/plugins/mcufinder//mcu/
2021-09-02 15:14:02,793 [INFO] DbBoardsJson:56 - Set database path to: /home/h3l/.stmcufinder/plugins/mcufinder//mcu/
2021-09-02 15:14:02,795 [INFO] CrossReferenceDbSqlite:196 - Set database path to: /home/h3l/.stmcufinder/plugins/mcufinder//mcu/cs/
2021-09-02 15:14:02,797 [INFO] DbExamplesSqlite:699 - Set database path to: /home/h3l/.stmcufinder/plugins/mcufinder//mcu/
2021-09-02 15:14:02,854 [INFO] RulesReader:52 - Compatibility file has been processed (228 Rules)
2021-09-02 15:14:02,885 [INFO] MicroXplorer:565 - Detected Java Version = 1.8.0_272
2021-09-02 15:14:02,886 [INFO] DbMcusXml:71 - Set database path to: /opt/st/stm32cubeide_1.5.0/../../../home/h3l/.eclipse/com.st.stm32cube.ide.mcu.rcp.product_1.5.0_1935173080_linux_gtk_x86_64/plugins/com.st.stm32cube.common.mx_6.1.1.202012091304//db//mcu/
2021-09-02 15:14:02,887 [INFO] DbBoardsPdsc:57 - Set plugin database path to: /opt/st/stm32cubeide_1.5.0/../../../home/h3l/.eclipse/com.st.stm32cube.ide.mcu.rcp.product_1.5.0_1935173080_linux_gtk_x86_64/plugins/com.st.stm32cube.common.mx_6.1.1.202012091304//db//plugins/boardmanager/
2021-09-02 15:14:02,887 [INFO] DbMcus:259 - Set plugin images path to: /opt/st/stm32cubeide_1.5.0/../../../home/h3l/.eclipse/com.st.stm32cube.ide.mcu.rcp.product_1.5.0_1935173080_linux_gtk_x86_64/plugins/com.st.stm32cube.common.mx_6.1.1.202012091304//db//plugins/mcufinder/images/
2021-09-02 15:14:02,887 [INFO] DbBoards:265 - Set plugin images path to: /opt/st/stm32cubeide_1.5.0/../../../home/h3l/.eclipse/com.st.stm32cube.ide.mcu.rcp.product_1.5.0_1935173080_linux_gtk_x86_64/plugins/com.st.stm32cube.common.mx_6.1.1.202012091304//db//plugins/mcufinder/images/
2021-09-02 15:14:02,887 [INFO] DbExamples:329 - Set plugin images path to: /opt/st/stm32cubeide_1.5.0/../../../home/h3l/.eclipse/com.st.stm32cube.ide.mcu.rcp.product_1.5.0_1935173080_linux_gtk_x86_64/plugins/com.st.stm32cube.common.mx_6.1.1.202012091304//db//plugins/mcufinder/images/
2021-09-02 15:14:02,887 [WARN] DbFile:36 - Overriding database path with different value: /home/h3l/.stmcufinder/plugins/mcufinder/ => /home/h3l/.stmcufinder/plugins/mcufinder
2021-09-02 15:14:02,887 [INFO] DbMcusDocs:112 - Set database path to: /home/h3l/.stmcufinder/plugins/mcufinder//mcu/
2021-09-02 15:14:02,888 [WARN] DbFile:36 - Overriding database path with different value: /home/h3l/.stmcufinder/plugins/mcufinder/ => /home/h3l/.stmcufinder/plugins/mcufinder
2021-09-02 15:14:02,888 [INFO] DbMcusJson:63 - Set database path to: /home/h3l/.stmcufinder/plugins/mcufinder//mcu/
2021-09-02 15:14:02,888 [WARN] DbFile:36 - Overriding database path with different value: /home/h3l/.stmcufinder/plugins/mcufinder/ => /home/h3l/.stmcufinder/plugins/mcufinder
2021-09-02 15:14:02,888 [INFO] DbBoardsDocs:112 - Set database path to: /home/h3l/.stmcufinder/plugins/mcufinder//mcu/
2021-09-02 15:14:02,888 [WARN] DbFile:36 - Overriding database path with different value: /home/h3l/.stmcufinder/plugins/mcufinder/ => /home/h3l/.stmcufinder/plugins/mcufinder
2021-09-02 15:14:02,889 [INFO] DbBoardsJson:56 - Set database path to: /home/h3l/.stmcufinder/plugins/mcufinder//mcu/
2021-09-02 15:14:02,889 [WARN] DbFile:36 - Overriding database path with different value: /home/h3l/.stmcufinder/plugins/mcufinder/ => /home/h3l/.stmcufinder/plugins/mcufinder
2021-09-02 15:14:02,889 [WARN] DbFile:36 - Overriding database path with different value: /home/h3l/.stmcufinder/plugins/mcufinder/ => /home/h3l/.stmcufinder/plugins/mcufinder
2021-09-02 15:14:02,889 [INFO] CrossReferenceDbSqlite:196 - Set database path to: /home/h3l/.stmcufinder/plugins/mcufinder//mcu/cs/
2021-09-02 15:14:02,889 [WARN] DbFile:36 - Overriding database path with different value: /home/h3l/.stmcufinder/plugins/mcufinder/ => /home/h3l/.stmcufinder/plugins/mcufinder
2021-09-02 15:14:02,889 [INFO] DbExamplesSqlite:699 - Set database path to: /home/h3l/.stmcufinder/plugins/mcufinder//mcu/
2021-09-02 15:14:02,922 [INFO] MainPanel:190 - HeapMemory: 521142272
2021-09-02 15:14:02,960 [INFO] DbMcusXml:71 - Set database path to: /opt/st/stm32cubeide_1.5.0/../../../home/h3l/.eclipse/com.st.stm32cube.ide.mcu.rcp.product_1.5.0_1935173080_linux_gtk_x86_64/plugins/com.st.stm32cube.common.mx_6.1.1.202012091304//db//mcu/
2021-09-02 15:14:02,960 [INFO] DbBoardsPdsc:57 - Set plugin database path to: /opt/st/stm32cubeide_1.5.0/../../../home/h3l/.eclipse/com.st.stm32cube.ide.mcu.rcp.product_1.5.0_1935173080_linux_gtk_x86_64/plugins/com.st.stm32cube.common.mx_6.1.1.202012091304//db//plugins/boardmanager/
2021-09-02 15:14:02,960 [INFO] DbMcus:259 - Set plugin images path to: /opt/st/stm32cubeide_1.5.0/../../../home/h3l/.eclipse/com.st.stm32cube.ide.mcu.rcp.product_1.5.0_1935173080_linux_gtk_x86_64/plugins/com.st.stm32cube.common.mx_6.1.1.202012091304//db//plugins/mcufinder/images/
2021-09-02 15:14:02,961 [INFO] DbBoards:265 - Set plugin images path to: /opt/st/stm32cubeide_1.5.0/../../../home/h3l/.eclipse/com.st.stm32cube.ide.mcu.rcp.product_1.5.0_1935173080_linux_gtk_x86_64/plugins/com.st.stm32cube.common.mx_6.1.1.202012091304//db//plugins/mcufinder/images/
2021-09-02 15:14:02,961 [INFO] DbExamples:329 - Set plugin images path to: /opt/st/stm32cubeide_1.5.0/../../../home/h3l/.eclipse/com.st.stm32cube.ide.mcu.rcp.product_1.5.0_1935173080_linux_gtk_x86_64/plugins/com.st.stm32cube.common.mx_6.1.1.202012091304//db//plugins/mcufinder/images/
2021-09-02 15:14:02,961 [WARN] DbFile:36 - Overriding database path with different value: /home/h3l/.stmcufinder/plugins/mcufinder/ => /home/h3l/.stmcufinder/plugins/mcufinder
2021-09-02 15:14:02,961 [INFO] DbMcusDocs:112 - Set database path to: /home/h3l/.stmcufinder/plugins/mcufinder//mcu/
2021-09-02 15:14:02,961 [WARN] DbFile:36 - Overriding database path with different value: /home/h3l/.stmcufinder/plugins/mcufinder/ => /home/h3l/.stmcufinder/plugins/mcufinder
2021-09-02 15:14:02,961 [INFO] DbMcusJson:63 - Set database path to: /home/h3l/.stmcufinder/plugins/mcufinder//mcu/
2021-09-02 15:14:02,962 [WARN] DbFile:36 - Overriding database path with different value: /home/h3l/.stmcufinder/plugins/mcufinder/ => /home/h3l/.stmcufinder/plugins/mcufinder
2021-09-02 15:14:02,962 [INFO] DbBoardsDocs:112 - Set database path to: /home/h3l/.stmcufinder/plugins/mcufinder//mcu/
2021-09-02 15:14:02,962 [WARN] DbFile:36 - Overriding database path with different value: /home/h3l/.stmcufinder/plugins/mcufinder/ => /home/h3l/.stmcufinder/plugins/mcufinder
2021-09-02 15:14:02,962 [INFO] DbBoardsJson:56 - Set database path to: /home/h3l/.stmcufinder/plugins/mcufinder//mcu/
2021-09-02 15:14:02,962 [WARN] DbFile:36 - Overriding database path with different value: /home/h3l/.stmcufinder/plugins/mcufinder/ => /home/h3l/.stmcufinder/plugins/mcufinder
2021-09-02 15:14:02,962 [WARN] DbFile:36 - Overriding database path with different value: /home/h3l/.stmcufinder/plugins/mcufinder/ => /home/h3l/.stmcufinder/plugins/mcufinder
2021-09-02 15:14:02,962 [INFO] CrossReferenceDbSqlite:196 - Set database path to: /home/h3l/.stmcufinder/plugins/mcufinder//mcu/cs/
2021-09-02 15:14:02,962 [WARN] DbFile:36 - Overriding database path with different value: /home/h3l/.stmcufinder/plugins/mcufinder/ => /home/h3l/.stmcufinder/plugins/mcufinder
2021-09-02 15:14:02,962 [INFO] DbExamplesSqlite:699 - Set database path to: /home/h3l/.stmcufinder/plugins/mcufinder//mcu/
2021-09-02 15:14:02,970 [INFO] ApplicationProperties:181 - Using Application install path: /opt/st/stm32cubeide_1.5.0/../../../home/h3l/.eclipse/com.st.stm32cube.ide.mcu.rcp.product_1.5.0_1935173080_linux_gtk_x86_64/plugins/com.st.stm32cube.common.mx_6.1.1.202012091304
2021-09-02 15:14:02,971 [INFO] PluginManage:178 - Search for loadable plugins [exclusion list=, ]
2021-09-02 15:14:02,972 [INFO] PluginManage:292 - Check plugin analytics
2021-09-02 15:14:03,086 [INFO] AnalyticsPlugin:225 - Accepted Software Licenses: 
2021-09-02 15:14:03,086 [INFO] AnalyticsPlugin:227 - Accepted CMSIS Pack Licenses: 
2021-09-02 15:14:03,086 [INFO] AnalyticsPlugin:229 - Accepted Firmware Licenses: 
2021-09-02 15:14:03,087 [INFO] PluginManage:342 - Loaded plugin analytics (category:tool,tabindex:-1)
2021-09-02 15:14:03,087 [INFO] PluginManage:292 - Check plugin clock
2021-09-02 15:14:03,095 [INFO] PluginManage:342 - Loaded plugin clock (category:base,tabindex:2)
2021-09-02 15:14:03,095 [INFO] PluginManage:292 - Check plugin ddr
2021-09-02 15:14:03,097 [INFO] PluginManage:342 - Loaded plugin ddr (category:tool,tabindex:6)
2021-09-02 15:14:03,097 [INFO] PluginManage:292 - Check plugin filemanager
2021-09-02 15:14:03,195 [INFO] PluginManage:342 - Loaded plugin filemanager (category:base,tabindex:10)
2021-09-02 15:14:03,196 [INFO] PluginManage:292 - Check plugin ipmanager
2021-09-02 15:14:03,199 [INFO] PluginManage:342 - Loaded plugin ipmanager (category:base,tabindex:5)
2021-09-02 15:14:03,199 [INFO] PluginManage:292 - Check plugin pinoutandconfiguration
2021-09-02 15:14:03,204 [INFO] PluginManage:342 - Loaded plugin pinoutandconfiguration (category:base,tabindex:1)
2021-09-02 15:14:03,204 [INFO] PluginManage:292 - Check plugin pinoutconfig
2021-09-02 15:14:03,215 [INFO] PluginManage:342 - Loaded plugin pinoutconfig (category:base,tabindex:0)
2021-09-02 15:14:03,216 [INFO] PluginManage:292 - Check plugin power
2021-09-02 15:14:03,219 [INFO] PluginManage:342 - Loaded plugin power (category:power,tabindex:4)
2021-09-02 15:14:03,220 [INFO] PluginManage:292 - Check plugin projectmanager
2021-09-02 15:14:03,231 [INFO] PluginManage:342 - Loaded plugin projectmanager (category:projectmanager,tabindex:3)
2021-09-02 15:14:03,231 [INFO] PluginManage:292 - Check plugin thirdparty
2021-09-02 15:14:03,303 [INFO] PluginManage:342 - Loaded plugin thirdparty (category:base,tabindex:-1)
2021-09-02 15:14:03,304 [WARN] IntegrityCheckThread:59 - waiting for thirdparty lock release [integrity check]
2021-09-02 15:14:03,304 [INFO] PluginManage:292 - Check plugin tools
2021-09-02 15:14:03,304 [INFO] IntegrityCheckThread:61 - entering critical section [integrity check]
2021-09-02 15:14:03,305 [INFO] ThirdPartyUpdaterWithRetryManager:56 - Updater plugin not ready yet. [1/15]
2021-09-02 15:14:03,306 [INFO] PluginManage:342 - Loaded plugin tools (category:base,tabindex:7)
2021-09-02 15:14:03,306 [INFO] PluginManage:292 - Check plugin tutovideos
2021-09-02 15:14:03,423 [INFO] PluginManage:342 - Loaded plugin tutovideos (category:base,tabindex:-1)
2021-09-02 15:14:03,423 [INFO] PluginManage:292 - Check plugin updater
2021-09-02 15:14:03,430 [INFO] PluginManage:342 - Loaded plugin updater (category:base,tabindex:12)
2021-09-02 15:14:03,430 [INFO] PluginManage:265 - PluginManage : Loaded plugins [13]
2021-09-02 15:14:03,520 [INFO] PinOutPanel:1434 - setPackage(No Configuration,No Configuration)
2021-09-02 15:14:03,556 [INFO] IPUIPlugin:64 - create IPUIPlugin
2021-09-02 15:14:03,556 [INFO] PluginManager:203 - loadIPPluginJar : add ucpd
2021-09-02 15:14:03,559 [INFO] IPUIPlugin:64 - create IPUIPlugin
2021-09-02 15:14:03,560 [INFO] PluginManager:203 - loadIPPluginJar : add gic
2021-09-02 15:14:03,562 [INFO] IPUIPlugin:64 - create IPUIPlugin
2021-09-02 15:14:03,563 [INFO] PluginManager:203 - loadIPPluginJar : add opamp
2021-09-02 15:14:03,564 [INFO] IPUIPlugin:64 - create IPUIPlugin
2021-09-02 15:14:03,564 [INFO] PluginManager:203 - loadIPPluginJar : add gfxmmu
2021-09-02 15:14:03,565 [INFO] IPUIPlugin:64 - create IPUIPlugin
2021-09-02 15:14:03,565 [INFO] PluginManager:203 - loadIPPluginJar : add quadspi
2021-09-02 15:14:03,566 [INFO] IPUIPlugin:64 - create IPUIPlugin
2021-09-02 15:14:03,566 [INFO] PluginManager:203 - loadIPPluginJar : add sai
2021-09-02 15:14:03,569 [INFO] IPUIPlugin:64 - create IPUIPlugin
2021-09-02 15:14:03,569 [INFO] PluginManager:203 - loadIPPluginJar : add fmc
2021-09-02 15:14:03,571 [INFO] IPUIPlugin:64 - create IPUIPlugin
2021-09-02 15:14:03,571 [INFO] PluginManager:203 - loadIPPluginJar : add ipddr
2021-09-02 15:14:03,572 [INFO] IPUIPlugin:64 - create IPUIPlugin
2021-09-02 15:14:03,573 [INFO] PluginManager:203 - loadIPPluginJar : add nvic
2021-09-02 15:14:03,576 [INFO] IPUIPlugin:64 - create IPUIPlugin
2021-09-02 15:14:03,576 [INFO] PluginManager:203 - loadIPPluginJar : add dma
2021-09-02 15:14:03,578 [INFO] IPUIPlugin:64 - create IPUIPlugin
2021-09-02 15:14:03,578 [INFO] PluginManager:203 - loadIPPluginJar : add stm32_wpan
2021-09-02 15:14:03,580 [INFO] IPUIPlugin:64 - create IPUIPlugin
2021-09-02 15:14:03,580 [INFO] PluginManager:203 - loadIPPluginJar : add gpio
2021-09-02 15:14:03,581 [INFO] IPUIPlugin:64 - create IPUIPlugin
2021-09-02 15:14:03,581 [INFO] PluginManager:203 - loadIPPluginJar : add dfsdm
2021-09-02 15:14:03,582 [INFO] IPUIPlugin:64 - create IPUIPlugin
2021-09-02 15:14:03,582 [INFO] PluginManager:203 - loadIPPluginJar : add aes
2021-09-02 15:14:03,583 [INFO] IPUIPlugin:64 - create IPUIPlugin
2021-09-02 15:14:03,583 [INFO] PluginManager:203 - loadIPPluginJar : add comp
2021-09-02 15:14:03,584 [INFO] IPUIPlugin:64 - create IPUIPlugin
2021-09-02 15:14:03,584 [INFO] PluginManager:203 - loadIPPluginJar : add resmgrutility
2021-09-02 15:14:03,585 [INFO] IPUIPlugin:64 - create IPUIPlugin
2021-09-02 15:14:03,585 [INFO] PluginManager:203 - loadIPPluginJar : add ts
2021-09-02 15:14:03,586 [INFO] IPUIPlugin:64 - create IPUIPlugin
2021-09-02 15:14:03,587 [INFO] PluginManager:203 - loadIPPluginJar : add openamp
2021-09-02 15:14:03,588 [INFO] IPUIPlugin:64 - create IPUIPlugin
2021-09-02 15:14:03,588 [INFO] PluginManager:203 - loadIPPluginJar : add can
2021-09-02 15:14:03,589 [INFO] IPUIPlugin:64 - create IPUIPlugin
2021-09-02 15:14:03,589 [INFO] PluginManager:203 - loadIPPluginJar : add usart
2021-09-02 15:14:03,592 [INFO] IPUIPlugin:64 - create IPUIPlugin
2021-09-02 15:14:03,594 [INFO] PluginManager:203 - loadIPPluginJar : add plateformsettings
2021-09-02 15:14:03,595 [INFO] IPUIPlugin:64 - create IPUIPlugin
2021-09-02 15:14:03,595 [INFO] PluginManager:203 - loadIPPluginJar : add hash
2021-09-02 15:14:03,597 [INFO] IPUIPlugin:64 - create IPUIPlugin
2021-09-02 15:14:03,597 [INFO] PluginManager:203 - loadIPPluginJar : add touchsensing
2021-09-02 15:14:03,598 [INFO] IPUIPlugin:64 - create IPUIPlugin
2021-09-02 15:14:03,598 [INFO] PluginManager:203 - loadIPPluginJar : add fatfs
2021-09-02 15:14:03,599 [INFO] IPUIPlugin:64 - create IPUIPlugin
2021-09-02 15:14:03,599 [INFO] PluginManager:203 - loadIPPluginJar : add spi
2021-09-02 15:14:03,600 [INFO] IPUIPlugin:64 - create IPUIPlugin
2021-09-02 15:14:03,600 [INFO] PluginManager:203 - loadIPPluginJar : add genericplugin
2021-09-02 15:14:03,600 [INFO] IPUIPlugin:64 - create IPUIPlugin
2021-09-02 15:14:03,601 [INFO] PluginManager:203 - loadIPPluginJar : add tsc
2021-09-02 15:14:03,602 [INFO] IPUIPlugin:64 - create IPUIPlugin
2021-09-02 15:14:03,602 [INFO] PluginManager:203 - loadIPPluginJar : add i2s
2021-09-02 15:14:03,603 [INFO] IPUIPlugin:64 - create IPUIPlugin
2021-09-02 15:14:03,603 [INFO] PluginManager:203 - loadIPPluginJar : add cryp
2021-09-02 15:14:03,604 [INFO] IPUIPlugin:64 - create IPUIPlugin
2021-09-02 15:14:03,604 [INFO] PluginManager:203 - loadIPPluginJar : add ltdc
2021-09-02 15:14:03,605 [INFO] IPUIPlugin:64 - create IPUIPlugin
2021-09-02 15:14:03,605 [INFO] PluginManager:203 - loadIPPluginJar : add lorawan
2021-09-02 15:14:03,607 [INFO] IPUIPlugin:64 - create IPUIPlugin
2021-09-02 15:14:03,607 [INFO] PluginManager:203 - loadIPPluginJar : add pdm2pcm
2021-09-02 15:14:03,608 [INFO] IPUIPlugin:64 - create IPUIPlugin
2021-09-02 15:14:03,608 [INFO] PluginManager:203 - loadIPPluginJar : add i2c
2021-09-02 15:14:03,609 [INFO] IPUIPlugin:64 - create IPUIPlugin
2021-09-02 15:14:03,609 [INFO] PluginManager:203 - loadIPPluginJar : add gtzc
2021-09-02 15:14:03,613 [INFO] IPUIPlugin:64 - create IPUIPlugin
2021-09-02 15:14:03,613 [INFO] PluginManager:203 - loadIPPluginJar : add freertos
2021-09-02 15:14:03,614 [INFO] IPUIPlugin:64 - create IPUIPlugin
2021-09-02 15:14:03,614 [INFO] PluginManager:203 - loadIPPluginJar : add tracer_emb
2021-09-02 15:14:03,617 [INFO] IPUIPlugin:64 - create IPUIPlugin
2021-09-02 15:14:03,618 [INFO] PluginManager:203 - loadIPPluginJar : add adc
2021-09-02 15:14:03,619 [INFO] IPUIPlugin:64 - create IPUIPlugin
2021-09-02 15:14:03,619 [INFO] PluginManager:203 - loadIPPluginJar : add tim
2021-09-02 15:14:03,621 [INFO] IPUIPlugin:64 - create IPUIPlugin
2021-09-02 15:14:03,621 [INFO] PluginManager:203 - loadIPPluginJar : add mdma
2021-09-02 15:14:03,782 [FATAL] Updater:284 - Updater called before beeing initialized
2021-09-02 15:14:03,823 [FATAL] Updater:284 - Updater called before beeing initialized
2021-09-02 15:14:03,846 [WARN] DetailPanel:347 - Failed to get advertising image, set to default
2021-09-02 15:14:03,849 [FATAL] Updater:284 - Updater called before beeing initialized
2021-09-02 15:14:03,849 [WARN] DetailPanel:347 - Failed to get advertising image, set to default
2021-09-02 15:14:03,866 [FATAL] Updater:284 - Updater called before beeing initialized
2021-09-02 15:14:03,866 [WARN] ThirdParty:783 - waiting for thirdparty lock release [close project]
2021-09-02 15:14:06,305 [INFO] ThirdPartyUpdaterWithRetryManager:56 - Updater plugin not ready yet. [2/15]
2021-09-02 15:14:09,305 [FATAL] Updater:284 - Updater called before beeing initialized
2021-09-02 15:14:09,306 [ERROR] AbstractThirdPartyUpdaterManager:153 - java.lang.Integer cannot be cast to java.util.List
2021-09-02 15:14:09,306 [INFO] ThirdParty:887 - Integrity check success = false
2021-09-02 15:14:09,306 [INFO] IntegrityCheckThread:75 - exiting critical section [integrity check]
2021-09-02 15:14:09,306 [INFO] IntegrityCheckThread:78 - End integrity checks thread
2021-09-02 15:14:09,306 [INFO] ThirdParty:785 - entering critical section [close project]
2021-09-02 15:14:09,307 [INFO] ThirdParty:796 - exiting critical section [close project]
2021-09-02 15:14:09,309 [INFO] PinOutPanel:1434 - setPackage(No Configuration,No Configuration)
2021-09-02 15:14:09,309 [FATAL] Updater:284 - Updater called before beeing initialized
2021-09-02 15:14:09,313 [ERROR] Updater:1065 - MainUpdater not yet initialized. External WinMGr cannot be set.
2021-09-02 15:14:09,315 [INFO] Updater:1002 - Updater Version found : 6.1.1
2021-09-02 15:14:09,325 [INFO] ApplicationProperties:181 - Using Application install path: /opt/st/stm32cubeide_1.5.0/../../../home/h3l/.eclipse/com.st.stm32cube.ide.mcu.rcp.product_1.5.0_1935173080_linux_gtk_x86_64/plugins/com.st.stm32cube.common.mx_6.1.1.202012091304
2021-09-02 15:14:09,400 [INFO] MainUpdater:2644 - connection check result : 10
2021-09-02 15:14:09,401 [INFO] MainUpdater:249 - Updater Check For Update Now.
2021-09-02 15:14:09,402 [INFO] MicroXplorer:415 - Change Database Version : DB.6.0.10
2021-09-02 15:14:09,421 [INFO] CheckServerUpdateThread:102 - End of CheckServer Thread
2021-09-02 15:14:09,505 [INFO] MainUpdater:2644 - connection check result : 10
2021-09-02 15:14:09,505 [INFO] MainUpdater:2644 - connection check result : 10
2021-09-02 15:14:09,537 [INFO] MicroXplorer:385 - Change Database Path : 
2021-09-02 15:14:09,537 [INFO] MicroXplorer:415 - Change Database Version : DB.6.0.10
2021-09-02 15:14:09,538 [WARN] ThirdParty:783 - waiting for thirdparty lock release [close project]
2021-09-02 15:14:09,538 [INFO] ThirdParty:785 - entering critical section [close project]
2021-09-02 15:14:09,538 [INFO] ThirdParty:796 - exiting critical section [close project]
2021-09-02 15:14:09,539 [INFO] PinOutPanel:1434 - setPackage(No Configuration,No Configuration)
2021-09-02 15:14:09,539 [INFO] UtilMem:74 - Begin LoadConfig() Used Memory: 397380728 Bytes (521142272)
2021-09-02 15:14:09,540 [INFO] MicroXplorer:385 - Change Database Path : 
2021-09-02 15:14:09,540 [INFO] MicroXplorer:415 - Change Database Version : DB.6.0.10
2021-09-02 15:14:09,540 [INFO] OpenFileManager:274 - Change cursor
2021-09-02 15:14:09,541 [WARN] ThirdParty:204 - Use empty third party IP manager
2021-09-02 15:14:09,552 [WARN] IntegrityCheckThread:59 - waiting for thirdparty lock release [integrity check]
2021-09-02 15:14:09,552 [INFO] IntegrityCheckThread:61 - entering critical section [integrity check]
2021-09-02 15:14:09,596 [WARN] ConditionMgr:437 - getConditionDescription Invalid condition id : SIGFOX STM32 LIB Condition cause : null
2021-09-02 15:14:09,597 [WARN] ConditionMgr:437 - getConditionDescription Invalid condition id : Sigfox Third Party LIB Condition cause : null
2021-09-02 15:14:09,598 [WARN] ConditionMgr:1040 - genDependencies : Invalid condition id : SIGFOX STM32 LIB Condition cause : null
2021-09-02 15:14:09,599 [WARN] ConditionMgr:1040 - genDependencies : Invalid condition id : Sigfox Third Party LIB Condition cause : null
2021-09-02 15:14:09,599 [WARN] ConditionMgr:1040 - genDependencies : Invalid condition id : Sigfox Third Party LIB Condition cause : null
2021-09-02 15:14:09,599 [WARN] ConditionMgr:1040 - genDependencies : Invalid condition id : SIGFOX STM32 LIB Condition cause : null
2021-09-02 15:14:09,599 [WARN] ConditionMgr:1040 - genDependencies : Invalid condition id : SIGFOX STM32 LIB Condition cause : null
2021-09-02 15:14:09,600 [WARN] ConditionMgr:1040 - genDependencies : Invalid condition id : Sigfox Third Party LIB Condition cause : null
2021-09-02 15:14:10,311 [INFO] ThirdParty:887 - Integrity check success = true
2021-09-02 15:14:10,311 [INFO] IntegrityCheckThread:75 - exiting critical section [integrity check]
2021-09-02 15:14:10,311 [INFO] IntegrityCheckThread:78 - End integrity checks thread
2021-09-02 15:14:11,250 [WARN] ApiManager:294 - Cannot register API 'Board Extension:S2868A1' from pack STMicroelectronics.X-CUBE-SFXS2LP1.3.0.0: no header file found
2021-09-02 15:14:11,250 [WARN] ApiManager:294 - Cannot register API 'Board Extension:S2868A2' from pack STMicroelectronics.X-CUBE-SFXS2LP1.3.0.0: no header file found
2021-09-02 15:14:11,250 [WARN] ApiManager:294 - Cannot register API 'Board Extension:S2915A1' from pack STMicroelectronics.X-CUBE-SFXS2LP1.3.0.0: no header file found
2021-09-02 15:14:11,251 [WARN] ApiManager:294 - Cannot register API 'Board Extension:S2868A1' from pack STMicroelectronics.X-CUBE-SFXS2LP1.2.0.0: no header file found
2021-09-02 15:14:11,252 [WARN] ApiManager:294 - Cannot register API 'Board Extension:S2868A2' from pack STMicroelectronics.X-CUBE-SFXS2LP1.2.0.0: no header file found
2021-09-02 15:14:11,252 [WARN] ApiManager:294 - Cannot register API 'Board Extension:S2915A1' from pack STMicroelectronics.X-CUBE-SFXS2LP1.2.0.0: no header file found
2021-09-02 15:14:11,305 [WARN] ApiManager:294 - Cannot register API 'Board Extension:IKS01A3' from pack STMicroelectronics.X-CUBE-MEMS1.9.0.0: no header file found
2021-09-02 15:14:11,305 [WARN] ApiManager:294 - Cannot register API 'Board Extension:IKS01A2' from pack STMicroelectronics.X-CUBE-MEMS1.9.0.0: no header file found
2021-09-02 15:14:11,305 [WARN] ApiManager:294 - Cannot register API 'Board Extension:IKS02A1' from pack STMicroelectronics.X-CUBE-MEMS1.9.0.0: no header file found
2021-09-02 15:14:11,335 [WARN] ApiManager:294 - Cannot register API 'Board Extension:IKS01A3' from pack STMicroelectronics.X-CUBE-MEMS1.8.2.0: no header file found
2021-09-02 15:14:11,335 [WARN] ApiManager:294 - Cannot register API 'Board Extension:IKS01A2' from pack STMicroelectronics.X-CUBE-MEMS1.8.2.0: no header file found
2021-09-02 15:14:11,335 [WARN] ApiManager:294 - Cannot register API 'Board Extension:IKS02A1' from pack STMicroelectronics.X-CUBE-MEMS1.8.2.0: no header file found
2021-09-02 15:14:11,339 [WARN] ApiManager:294 - Cannot register API 'Board Extension:EEPRMA1' from pack STMicroelectronics.X-CUBE-EEPRMA1.3.0.0: no header file found
2021-09-02 15:14:11,339 [WARN] ApiManager:294 - Cannot register API 'Board Extension:EEPRMA2' from pack STMicroelectronics.X-CUBE-EEPRMA1.3.0.0: no header file found
2021-09-02 15:14:11,343 [INFO] RtosManager:464 - Registered RTOS mode: class=CMSIS, group=RTOS, mode=CMSIS_V1, owner=FREERTOS
2021-09-02 15:14:11,344 [INFO] RtosManager:464 - Registered RTOS mode: class=CMSIS, group=RTOS2, mode=CMSIS_V2, owner=FREERTOS
2021-09-02 15:14:11,344 [INFO] RtosManager:464 - Registered RTOS mode: class=RTOS, group=Core, mode=CMSIS_V1, owner=FREERTOS
2021-09-02 15:14:11,344 [INFO] RtosManager:464 - Registered RTOS mode: class=RTOS, group=Core, mode=CMSIS_V2, owner=FREERTOS
2021-09-02 15:14:11,344 [WARN] ModelIntegratedComponent:182 - Missing modes for component STMicroelectronics:FreeRTOS:0.0.1:STMicroelectronics:RTOS:FreeRTOS:Core:::10.2.0:
2021-09-02 15:14:11,348 [WARN] ApiManager:294 - Cannot register API 'Board Extension:GNSS1A1' from pack STMicroelectronics.X-CUBE-GNSS1.5.1.0: no header file found
2021-09-02 15:14:11,348 [WARN] ApiManager:294 - Cannot register API 'Board Support:Custom' from pack STMicroelectronics.X-CUBE-GNSS1.5.1.0: no header file found
2021-09-02 15:14:11,348 [WARN] ApiManager:294 - Cannot register API 'Data Exchange:lib_gnss' from pack STMicroelectronics.X-CUBE-GNSS1.5.1.0: no header file found
2021-09-02 15:14:11,348 [WARN] ApiManager:294 - Cannot register API 'Wireless:BlueNRG-MS' from pack STMicroelectronics.X-CUBE-BLE1.6.2.1: no header file found
2021-09-02 15:14:11,349 [WARN] ApiManager:294 - Cannot register API 'Wireless:BlueNRG-2' from pack STMicroelectronics.X-CUBE-BLE2.3.2.1: no header file found
2021-09-02 15:14:11,349 [WARN] ModelIntegratedComponent:180 - Modes not found for component STMicroelectronics:USB_HOST:1.0.0:STMicroelectronics:USB::USB Host:Audio HS::1.0:USB_HOST_1_0_RESTRICTED_HS
2021-09-02 15:14:11,349 [WARN] ModelIntegratedComponent:186 - Modes not found for component STMicroelectronics:USB_HOST:1.0.0:STMicroelectronics:USB::USB Host:Audio HS::1.0:USB_HOST_1_0_RESTRICTED_HS
2021-09-02 15:14:11,349 [WARN] ModelIntegratedComponent:180 - Modes not found for component STMicroelectronics:USB_HOST:1.0.0:STMicroelectronics:USB::USB Host:CDC HS::1.0:USB_HOST_1_0_RESTRICTED_HS
2021-09-02 15:14:11,349 [WARN] ModelIntegratedComponent:186 - Modes not found for component STMicroelectronics:USB_HOST:1.0.0:STMicroelectronics:USB::USB Host:CDC HS::1.0:USB_HOST_1_0_RESTRICTED_HS
2021-09-02 15:14:11,349 [WARN] ModelIntegratedComponent:180 - Modes not found for component STMicroelectronics:USB_HOST:1.0.0:STMicroelectronics:USB::USB Host:MSC HS::1.0:USB_HOST_1_0_RESTRICTED_HS
2021-09-02 15:14:11,349 [WARN] ModelIntegratedComponent:186 - Modes not found for component STMicroelectronics:USB_HOST:1.0.0:STMicroelectronics:USB::USB Host:MSC HS::1.0:USB_HOST_1_0_RESTRICTED_HS
2021-09-02 15:14:11,349 [WARN] ModelIntegratedComponent:180 - Modes not found for component STMicroelectronics:USB_HOST:1.0.0:STMicroelectronics:USB::USB Host:HID HS::1.0:USB_HOST_1_0_RESTRICTED_HS
2021-09-02 15:14:11,349 [WARN] ModelIntegratedComponent:186 - Modes not found for component STMicroelectronics:USB_HOST:1.0.0:STMicroelectronics:USB::USB Host:HID HS::1.0:USB_HOST_1_0_RESTRICTED_HS
2021-09-02 15:14:11,349 [WARN] ModelIntegratedComponent:180 - Modes not found for component STMicroelectronics:USB_HOST:1.0.0:STMicroelectronics:USB::USB Host:MTP HS::1.0:USB_HOST_1_0_RESTRICTED_HS
2021-09-02 15:14:11,349 [WARN] ModelIntegratedComponent:186 - Modes not found for component STMicroelectronics:USB_HOST:1.0.0:STMicroelectronics:USB::USB Host:MTP HS::1.0:USB_HOST_1_0_RESTRICTED_HS
2021-09-02 15:14:11,350 [WARN] ApiManager:294 - Cannot register API 'Board Extension:NFC04A1' from pack STMicroelectronics.X-CUBE-NFC4.2.0.3: no header file found
2021-09-02 15:14:11,350 [WARN] ApiManager:294 - Cannot register API 'Board Extension:NFC04A1' from pack STMicroelectronics.X-CUBE-NFC4.2.0.2: no header file found
2021-09-02 15:14:11,351 [WARN] ApiManager:294 - Cannot register API 'Board Extension:NFC04A1' from pack STMicroelectronics.X-CUBE-NFC4.2.0.1: no header file found
2021-09-02 15:14:11,351 [WARN] ApiManager:294 - Cannot register API 'Wireless:BlueNRG-2' from pack STMicroelectronics.X-CUBE-BLE2.3.2.0: no header file found
2021-09-02 15:14:11,352 [WARN] ApiManager:294 - Cannot register API 'Board Extension:S2868A1' from pack STMicroelectronics.X-CUBE-SFXS2LP1.3.1.0: no header file found
2021-09-02 15:14:11,352 [WARN] ApiManager:294 - Cannot register API 'Board Extension:S2868A2' from pack STMicroelectronics.X-CUBE-SFXS2LP1.3.1.0: no header file found
2021-09-02 15:14:11,352 [WARN] ApiManager:294 - Cannot register API 'Board Extension:S2915A1' from pack STMicroelectronics.X-CUBE-SFXS2LP1.3.1.0: no header file found
2021-09-02 15:14:11,355 [WARN] ApiManager:294 - Cannot register API 'Board Extension:S2868A1' from pack STMicroelectronics.X-CUBE-SUBG2.3.0.1: no header file found
2021-09-02 15:14:11,355 [WARN] ApiManager:294 - Cannot register API 'Board Extension:S2868A2' from pack STMicroelectronics.X-CUBE-SUBG2.3.0.1: no header file found
2021-09-02 15:14:11,355 [WARN] ApiManager:294 - Cannot register API 'Board Extension:S2915A1' from pack STMicroelectronics.X-CUBE-SUBG2.3.0.1: no header file found
2021-09-02 15:14:11,357 [WARN] ApiManager:294 - Cannot register API 'Board Extension:S2868A1' from pack STMicroelectronics.X-CUBE-SUBG2.3.0.0: no header file found
2021-09-02 15:14:11,357 [WARN] ApiManager:294 - Cannot register API 'Board Extension:S2868A2' from pack STMicroelectronics.X-CUBE-SUBG2.3.0.0: no header file found
2021-09-02 15:14:11,357 [WARN] ApiManager:294 - Cannot register API 'Board Extension:S2915A1' from pack STMicroelectronics.X-CUBE-SUBG2.3.0.0: no header file found
2021-09-02 15:14:11,358 [WARN] ModelIntegratedComponent:51 - No mode defined for component null
2021-09-02 15:14:11,358 [WARN] ModelIntegratedComponent:51 - No mode defined for component null
2021-09-02 15:14:11,358 [WARN] ModelIntegratedComponent:51 - No mode defined for component null
2021-09-02 15:14:11,358 [WARN] ModelIntegratedComponent:51 - No mode defined for component null
2021-09-02 15:14:11,358 [WARN] ModelIntegratedComponent:51 - No mode defined for component null
2021-09-02 15:14:11,359 [WARN] ModelIntegratedComponent:51 - No mode defined for component null
2021-09-02 15:14:11,359 [WARN] ModelIntegratedComponent:51 - No mode defined for component null
2021-09-02 15:14:11,359 [WARN] ModelIntegratedComponent:51 - No mode defined for component null
2021-09-02 15:14:11,359 [WARN] ModelIntegratedComponent:51 - No mode defined for component null
2021-09-02 15:14:11,359 [WARN] ModelIntegratedComponent:51 - No mode defined for component null
2021-09-02 15:14:11,359 [WARN] ModelIntegratedComponent:51 - No mode defined for component null
2021-09-02 15:14:11,359 [WARN] ModelIntegratedComponent:51 - No mode defined for component null
2021-09-02 15:14:11,359 [WARN] ModelIntegratedComponent:51 - No mode defined for component null
2021-09-02 15:14:11,359 [WARN] ModelIntegratedComponent:51 - No mode defined for component null
2021-09-02 15:14:11,359 [WARN] ModelIntegratedComponent:51 - No mode defined for component null
2021-09-02 15:14:11,359 [WARN] ModelIntegratedComponent:51 - No mode defined for component null
2021-09-02 15:14:11,359 [WARN] ModelIntegratedComponent:51 - No mode defined for component null
2021-09-02 15:14:11,359 [WARN] ModelIntegratedComponent:51 - No mode defined for component null
2021-09-02 15:14:11,359 [WARN] ModelIntegratedComponent:51 - No mode defined for component null
2021-09-02 15:14:11,359 [WARN] ModelIntegratedComponent:51 - No mode defined for component null
2021-09-02 15:14:11,359 [WARN] ModelIntegratedComponent:51 - No mode defined for component null
2021-09-02 15:14:11,359 [WARN] ModelIntegratedComponent:51 - No mode defined for component null
2021-09-02 15:14:11,359 [WARN] ModelIntegratedComponent:51 - No mode defined for component null
2021-09-02 15:14:11,359 [WARN] ModelIntegratedComponent:51 - No mode defined for component null
2021-09-02 15:14:11,359 [WARN] ModelIntegratedComponent:51 - No mode defined for component null
2021-09-02 15:14:11,359 [WARN] ModelIntegratedComponent:51 - No mode defined for component null
2021-09-02 15:14:11,359 [WARN] ModelIntegratedComponent:51 - No mode defined for component null
2021-09-02 15:14:11,359 [WARN] ModelIntegratedComponent:51 - No mode defined for component null
2021-09-02 15:14:11,360 [WARN] ModelIntegratedComponent:51 - No mode defined for component null
2021-09-02 15:14:11,360 [WARN] ModelIntegratedComponent:51 - No mode defined for component null
2021-09-02 15:14:11,360 [WARN] ModelIntegratedComponent:51 - No mode defined for component null
2021-09-02 15:14:11,360 [WARN] ModelIntegratedComponent:51 - No mode defined for component null
2021-09-02 15:14:11,360 [WARN] ModelIntegratedComponent:51 - No mode defined for component null
2021-09-02 15:14:11,360 [WARN] ModelIntegratedComponent:51 - No mode defined for component null
2021-09-02 15:14:11,360 [WARN] ModelIntegratedComponent:51 - No mode defined for component null
2021-09-02 15:14:11,360 [WARN] ModelIntegratedComponent:51 - No mode defined for component null
2021-09-02 15:14:11,360 [WARN] ModelIntegratedComponent:51 - No mode defined for component null
2021-09-02 15:14:11,360 [WARN] ModelIntegratedComponent:51 - No mode defined for component null
2021-09-02 15:14:11,362 [WARN] ApiManager:294 - Cannot register API 'Board Extension:S2868A1' from pack STMicroelectronics.X-CUBE-SUBG2.4.0.0: no header file found
2021-09-02 15:14:11,362 [WARN] ApiManager:294 - Cannot register API 'Board Extension:S2868A2' from pack STMicroelectronics.X-CUBE-SUBG2.4.0.0: no header file found
2021-09-02 15:14:11,362 [WARN] ApiManager:294 - Cannot register API 'Board Extension:S2915A1' from pack STMicroelectronics.X-CUBE-SUBG2.4.0.0: no header file found
2021-09-02 15:14:11,363 [WARN] ApiManager:294 - Cannot register API 'Board Extension:S2868A1' from pack STMicroelectronics.X-CUBE-SUBG2.4.2.0: no header file found
2021-09-02 15:14:11,363 [WARN] ApiManager:294 - Cannot register API 'Board Extension:S2868A2' from pack STMicroelectronics.X-CUBE-SUBG2.4.2.0: no header file found
2021-09-02 15:14:11,363 [WARN] ApiManager:294 - Cannot register API 'Board Extension:S2915A1' from pack STMicroelectronics.X-CUBE-SUBG2.4.2.0: no header file found
2021-09-02 15:14:11,386 [WARN] ApiManager:294 - Cannot register API 'Board Extension:IKS01A3' from pack STMicroelectronics.X-CUBE-MEMS1.8.3.0: no header file found
2021-09-02 15:14:11,386 [WARN] ApiManager:294 - Cannot register API 'Board Extension:IKS01A2' from pack STMicroelectronics.X-CUBE-MEMS1.8.3.0: no header file found
2021-09-02 15:14:11,386 [WARN] ApiManager:294 - Cannot register API 'Board Extension:IKS02A1' from pack STMicroelectronics.X-CUBE-MEMS1.8.3.0: no header file found
2021-09-02 15:14:11,389 [WARN] ModelIntegratedComponent:180 - Modes not found for component STMicroelectronics:USB_DEVICE:1.0.0:STMicroelectronics:USB::USB Device:Audio HS::1.0:USB_DEVICE_1_0_RESTRICTED_HS
2021-09-02 15:14:11,389 [WARN] ModelIntegratedComponent:186 - Modes not found for component STMicroelectronics:USB_DEVICE:1.0.0:STMicroelectronics:USB::USB Device:Audio HS::1.0:USB_DEVICE_1_0_RESTRICTED_HS
2021-09-02 15:14:11,389 [WARN] ModelIntegratedComponent:180 - Modes not found for component STMicroelectronics:USB_DEVICE:1.0.0:STMicroelectronics:USB::USB Device:CDC HS::1.0:USB_DEVICE_1_0_RESTRICTED_HS
2021-09-02 15:14:11,389 [WARN] ModelIntegratedComponent:186 - Modes not found for component STMicroelectronics:USB_DEVICE:1.0.0:STMicroelectronics:USB::USB Device:CDC HS::1.0:USB_DEVICE_1_0_RESTRICTED_HS
2021-09-02 15:14:11,389 [WARN] ModelIntegratedComponent:180 - Modes not found for component STMicroelectronics:USB_DEVICE:1.0.0:STMicroelectronics:USB::USB Device:DFU HS::1.0:USB_DEVICE_1_0_RESTRICTED_HS
2021-09-02 15:14:11,389 [WARN] ModelIntegratedComponent:186 - Modes not found for component STMicroelectronics:USB_DEVICE:1.0.0:STMicroelectronics:USB::USB Device:DFU HS::1.0:USB_DEVICE_1_0_RESTRICTED_HS
2021-09-02 15:14:11,389 [WARN] ModelIntegratedComponent:180 - Modes not found for component STMicroelectronics:USB_DEVICE:1.0.0:STMicroelectronics:USB::USB Device:HID HS::1.0:USB_DEVICE_1_0_RESTRICTED_HS
2021-09-02 15:14:11,389 [WARN] ModelIntegratedComponent:186 - Modes not found for component STMicroelectronics:USB_DEVICE:1.0.0:STMicroelectronics:USB::USB Device:HID HS::1.0:USB_DEVICE_1_0_RESTRICTED_HS
2021-09-02 15:14:11,389 [WARN] ModelIntegratedComponent:180 - Modes not found for component STMicroelectronics:USB_DEVICE:1.0.0:STMicroelectronics:USB::USB Device:Custom HID HS::1.0:USB_DEVICE_1_0_RESTRICTED_HS
2021-09-02 15:14:11,389 [WARN] ModelIntegratedComponent:186 - Modes not found for component STMicroelectronics:USB_DEVICE:1.0.0:STMicroelectronics:USB::USB Device:Custom HID HS::1.0:USB_DEVICE_1_0_RESTRICTED_HS
2021-09-02 15:14:11,389 [WARN] ModelIntegratedComponent:180 - Modes not found for component STMicroelectronics:USB_DEVICE:1.0.0:STMicroelectronics:USB::USB Device:MSC HS::1.0:USB_DEVICE_1_0_RESTRICTED_HS
2021-09-02 15:14:11,389 [WARN] ModelIntegratedComponent:186 - Modes not found for component STMicroelectronics:USB_DEVICE:1.0.0:STMicroelectronics:USB::USB Device:MSC HS::1.0:USB_DEVICE_1_0_RESTRICTED_HS
2021-09-02 15:14:11,390 [WARN] ApiManager:294 - Cannot register API 'Board Extension:EEPRMA1' from pack STMicroelectronics.X-CUBE-EEPRMA1.3.1.0: no header file found
2021-09-02 15:14:11,390 [WARN] ApiManager:294 - Cannot register API 'Board Extension:EEPRMA2' from pack STMicroelectronics.X-CUBE-EEPRMA1.3.1.0: no header file found
2021-09-02 15:14:11,390 [WARN] ApiManager:294 - Cannot register API 'Board Extension:GNSS1A1' from pack STMicroelectronics.X-CUBE-GNSS1.5.2.0: no header file found
2021-09-02 15:14:11,390 [WARN] ApiManager:294 - Cannot register API 'Board Support:Custom' from pack STMicroelectronics.X-CUBE-GNSS1.5.2.0: no header file found
2021-09-02 15:14:11,390 [WARN] ApiManager:294 - Cannot register API 'Data Exchange:lib_gnss' from pack STMicroelectronics.X-CUBE-GNSS1.5.2.0: no header file found
2021-09-02 15:14:11,391 [WARN] ApiManager:294 - Cannot register API 'Wireless:BlueNRG-MS' from pack STMicroelectronics.X-CUBE-BLE1.6.1.0: no header file found
2021-09-02 15:14:11,391 [WARN] ApiManager:294 - Cannot register API 'Wireless:BlueNRG-2' from pack STMicroelectronics.X-CUBE-BLE2.3.1.0: no header file found
2021-09-02 15:14:12,027 [INFO] RtosManager:778 - Current active RTOS is FREERTOS [Cortex-M4NS]
2021-09-02 15:14:12,033 [INFO] ImportTextPane:162 - (OptionalMessage_ERROR) IP (RCC) : Parameter (48MHZClocksFreq_Value) has invalid value (50000000)
2021-09-02 15:14:12,034 [INFO] ImportTextPane:162 - (OptionalMessage_ERROR) IP (RCC) : Parameter (RTCHSEDivFreq_Value) has invalid value (12500000)
2021-09-02 15:14:12,088 [INFO] UtilMem:74 - End LoadConfig() Used Memory: 448031656 Bytes (792723456)
2021-09-02 15:14:12,089 [INFO] DbMcusXml:97 - Load MCU database from /opt/st/stm32cubeide_1.5.0/../../../home/h3l/.eclipse/com.st.stm32cube.ide.mcu.rcp.product_1.5.0_1935173080_linux_gtk_x86_64/plugins/com.st.stm32cube.common.mx_6.1.1.202012091304//db//mcu/families.xml
2021-09-02 15:14:12,482 [INFO] DbMcusJson:92 - JSON generation date=Tue Jan 12 13:36:04 CET 2021 (1610454964)
2021-09-02 15:14:12,949 [INFO] DbMcus:176 - Found 1835 MCUs (1796 are supported by CubeMX, 1804 are visible in CubeMX)
2021-09-02 15:14:12,950 [INFO] ApiDb:238 - Load user favorites file /home/h3l/.stm32cubeide/favorites.mcus.txt: 0 item(s)
2021-09-02 15:14:12,950 [INFO] ApiDb:242 - User favorites MCUs=[]
2021-09-02 15:14:12,950 [INFO] DbMcus:188 - Set 0 / 0 favorites MCUs
2021-09-02 15:14:12,953 [WARN] ThirdParty:749 - waiting for thirdparty lock release [change project]
2021-09-02 15:14:12,953 [INFO] ThirdParty:751 - entering critical section [change project]
2021-09-02 15:14:12,953 [INFO] ThirdParty:939 - CMSIS Pack Vendor :RoweBots I-CUBE-UNISONRTOS 5.5.0-4
2021-09-02 15:14:12,953 [INFO] ThirdParty:939 - CMSIS Pack Vendor :STMicroelectronics X-CUBE-SFXS2LP1 3.0.0
2021-09-02 15:14:12,953 [INFO] ThirdParty:939 - CMSIS Pack Vendor :STMicroelectronics USB_HOST 2.0.0
2021-09-02 15:14:12,953 [INFO] ThirdParty:939 - CMSIS Pack Vendor :STMicroelectronics USB_DEVICE 3.0.0
2021-09-02 15:14:12,953 [INFO] ThirdParty:939 - CMSIS Pack Vendor :STMicroelectronics X-CUBE-SFXS2LP1 2.0.0
2021-09-02 15:14:12,953 [INFO] ThirdParty:939 - CMSIS Pack Vendor :STMicroelectronics X-CUBE-MEMS1 9.0.0
2021-09-02 15:14:12,953 [INFO] ThirdParty:939 - CMSIS Pack Vendor :STMicroelectronics X-CUBE-AZRTOS-H7 1.1.0
2021-09-02 15:14:12,953 [INFO] ThirdParty:939 - CMSIS Pack Vendor :STMicroelectronics USB_DEVICE 2.0.0
2021-09-02 15:14:12,953 [INFO] ThirdParty:939 - CMSIS Pack Vendor :STMicroelectronics X-CUBE-MEMS1 8.2.0
2021-09-02 15:14:12,953 [INFO] ThirdParty:939 - CMSIS Pack Vendor :STMicroelectronics X-CUBE-EEPRMA1 3.0.0
2021-09-02 15:14:12,953 [INFO] ThirdParty:939 - CMSIS Pack Vendor :STMicroelectronics FreeRTOS 0.0.1
2021-09-02 15:14:12,953 [INFO] ThirdParty:939 - CMSIS Pack Vendor :STMicroelectronics X-CUBE-ALGOBUILD 1.1.0
2021-09-02 15:14:12,953 [INFO] ThirdParty:939 - CMSIS Pack Vendor :SEGGER I-CUBE-embOS 1.2.0
2021-09-02 15:14:12,954 [INFO] ThirdParty:939 - CMSIS Pack Vendor :STMicroelectronics X-CUBE-GNSS1 5.1.0
2021-09-02 15:14:12,954 [INFO] ThirdParty:939 - CMSIS Pack Vendor :STMicroelectronics lwIP 2.0.3
2021-09-02 15:14:12,954 [INFO] ThirdParty:939 - CMSIS Pack Vendor :STMicroelectronics X-CUBE-BLE1 6.2.1
2021-09-02 15:14:12,954 [INFO] ThirdParty:939 - CMSIS Pack Vendor :STMicroelectronics X-CUBE-BLE2 3.2.1
2021-09-02 15:14:12,954 [INFO] ThirdParty:939 - CMSIS Pack Vendor :STMicroelectronics USB_HOST 1.0.0
2021-09-02 15:14:12,954 [INFO] ThirdParty:939 - CMSIS Pack Vendor :STMicroelectronics X-CUBE-TOUCHGFX 4.15.0
2021-09-02 15:14:12,954 [INFO] ThirdParty:939 - CMSIS Pack Vendor :STMicroelectronics X-CUBE-NFC4 2.0.3
2021-09-02 15:14:12,954 [INFO] ThirdParty:939 - CMSIS Pack Vendor :STMicroelectronics X-CUBE-NFC4 2.0.2
2021-09-02 15:14:12,954 [INFO] ThirdParty:939 - CMSIS Pack Vendor :STMicroelectronics X-CUBE-TOUCHGFX 4.17.0
2021-09-02 15:14:12,954 [INFO] ThirdParty:939 - CMSIS Pack Vendor :STMicroelectronics X-CUBE-NFC4 2.0.1
2021-09-02 15:14:12,954 [INFO] ThirdParty:939 - CMSIS Pack Vendor :STMicroelectronics PDM2PCM 3.1.0
2021-09-02 15:14:12,954 [INFO] ThirdParty:939 - CMSIS Pack Vendor :STMicroelectronics PDM2PCM 3.3.0
2021-09-02 15:14:12,954 [INFO] ThirdParty:939 - CMSIS Pack Vendor :STMicroelectronics X-CUBE-BLE2 3.2.0
2021-09-02 15:14:12,954 [INFO] ThirdParty:939 - CMSIS Pack Vendor :STMicroelectronics X-CUBE-SFXS2LP1 3.1.0
2021-09-02 15:14:12,954 [INFO] ThirdParty:939 - CMSIS Pack Vendor :STMicroelectronics X-CUBE-SUBG2 3.0.1
2021-09-02 15:14:12,954 [INFO] ThirdParty:939 - CMSIS Pack Vendor :STMicroelectronics X-CUBE-SUBG2 3.0.0
2021-09-02 15:14:12,954 [INFO] ThirdParty:939 - CMSIS Pack Vendor :STMicroelectronics X-CUBE-TOF1 2.0.0
2021-09-02 15:14:12,954 [INFO] ThirdParty:939 - CMSIS Pack Vendor :STMicroelectronics HAL Drivers 0.0.0
2021-09-02 15:14:12,954 [INFO] ThirdParty:939 - CMSIS Pack Vendor :STMicroelectronics MBEDTLS 2.16.2
2021-09-02 15:14:12,955 [INFO] ThirdParty:939 - CMSIS Pack Vendor :STMicroelectronics MBEDTLS 2.14.1
2021-09-02 15:14:12,955 [INFO] ThirdParty:939 - CMSIS Pack Vendor :STMicroelectronics X-CUBE-SUBG2 4.0.0
2021-09-02 15:14:12,955 [INFO] ThirdParty:939 - CMSIS Pack Vendor :STMicroelectronics X-CUBE-SUBG2 4.2.0
2021-09-02 15:14:12,955 [INFO] ThirdParty:939 - CMSIS Pack Vendor :STMicroelectronics X-CUBE-TOF1 1.0.0
2021-09-02 15:14:12,955 [INFO] ThirdParty:939 - CMSIS Pack Vendor :STMicroelectronics X-CUBE-AZRTOS-H7 1.0.0
2021-09-02 15:14:12,955 [INFO] ThirdParty:939 - CMSIS Pack Vendor :STMicroelectronics X-CUBE-ALS 1.0.1
2021-09-02 15:14:12,955 [INFO] ThirdParty:939 - CMSIS Pack Vendor :STMicroelectronics X-CUBE-AI 7.0.0
2021-09-02 15:14:12,955 [INFO] ThirdParty:939 - CMSIS Pack Vendor :STMicroelectronics X-CUBE-ALGOBUILD 1.2.1
2021-09-02 15:14:12,955 [INFO] ThirdParty:939 - CMSIS Pack Vendor :STMicroelectronics X-CUBE-MEMS1 8.3.0
2021-09-02 15:14:12,955 [INFO] ThirdParty:939 - CMSIS Pack Vendor :STMicroelectronics X-CUBE-DISPLAY 1.0.0
2021-09-02 15:14:12,955 [INFO] ThirdParty:939 - CMSIS Pack Vendor :STMicroelectronics USB_DEVICE 1.0.0
2021-09-02 15:14:12,955 [INFO] ThirdParty:939 - CMSIS Pack Vendor :STMicroelectronics X-CUBE-AI 6.0.0
2021-09-02 15:14:12,955 [INFO] ThirdParty:939 - CMSIS Pack Vendor :STMicroelectronics X-CUBE-EEPRMA1 3.1.0
2021-09-02 15:14:12,955 [INFO] ThirdParty:939 - CMSIS Pack Vendor :STMicroelectronics X-CUBE-ALGOBUILD 1.2.0
2021-09-02 15:14:12,955 [INFO] ThirdParty:939 - CMSIS Pack Vendor :STMicroelectronics X-CUBE-GNSS1 5.2.0
2021-09-02 15:14:12,955 [INFO] ThirdParty:939 - CMSIS Pack Vendor :STMicroelectronics X-CUBE-BLE1 6.1.0
2021-09-02 15:14:12,955 [INFO] ThirdParty:939 - CMSIS Pack Vendor :STMicroelectronics lwIP 2.1.2
2021-09-02 15:14:12,956 [INFO] ThirdParty:939 - CMSIS Pack Vendor :wolfSSL I-CUBE-wolfSSL 4.7.0
2021-09-02 15:14:12,956 [INFO] ThirdParty:939 - CMSIS Pack Vendor :STMicroelectronics X-CUBE-TOUCHGFX 4.16.1
2021-09-02 15:14:12,956 [INFO] ThirdParty:939 - CMSIS Pack Vendor :STMicroelectronics X-CUBE-AI 5.2.0
2021-09-02 15:14:12,956 [INFO] ThirdParty:939 - CMSIS Pack Vendor :STMicroelectronics X-CUBE-TOUCHGFX 4.16.0
2021-09-02 15:14:12,956 [INFO] ThirdParty:939 - CMSIS Pack Vendor :STMicroelectronics PDM2PCM 3.2.0
2021-09-02 15:14:12,956 [INFO] ThirdParty:939 - CMSIS Pack Vendor :STMicroelectronics X-CUBE-BLE2 3.1.0
2021-09-02 15:14:12,956 [INFO] ThirdParty:757 - exiting critical section [change project]
2021-09-02 15:14:13,149 [INFO] PinOutPanel:1434 - setPackage(No Configuration,No Configuration)
2021-09-02 15:14:13,150 [INFO] PinOutPanel:1434 - setPackage(STM32F411CEUx,UFQFPN48)
2021-09-02 15:14:13,386 [INFO] UtilMem:74 - Before build in PCC Used Memory: 464476424 Bytes (909115392)
2021-09-02 15:14:13,673 [INFO] SharedServices:72 - Folder for power plug-in: /home/h3l/.stm32cubemx/plugins/power
2021-09-02 15:14:13,696 [INFO] SharedServices:72 - Folder for power plug-in: /home/h3l/.stm32cubemx/plugins/power
2021-09-02 15:14:13,718 [INFO] SharedServices:72 - Folder for power plug-in: /home/h3l/.stm32cubemx/plugins/power
2021-09-02 15:14:13,721 [INFO] SharedServices:72 - Folder for power plug-in: /home/h3l/.stm32cubemx/plugins/power
2021-09-02 15:14:13,804 [INFO] UtilMem:74 - After build in PCC Used Memory: 500650256 Bytes (909115392)
2021-09-02 15:14:13,842 [INFO] ApiDbMcu:456 - Load IP Config File for FREERTOS
2021-09-02 15:14:13,860 [INFO] IPUIPlugin:64 - create IPUIPlugin
2021-09-02 15:14:13,860 [INFO] IPUIPlugin:64 - create IPUIPlugin
2021-09-02 15:14:13,860 [INFO] IPUIPlugin:64 - create IPUIPlugin
2021-09-02 15:14:13,860 [INFO] IPUIPlugin:64 - create IPUIPlugin
2021-09-02 15:14:13,861 [INFO] IPUIPlugin:64 - create IPUIPlugin
2021-09-02 15:14:13,861 [INFO] IPUIPlugin:64 - create IPUIPlugin
2021-09-02 15:14:13,861 [INFO] IPUIPlugin:64 - create IPUIPlugin
2021-09-02 15:14:13,861 [INFO] IPUIPlugin:64 - create IPUIPlugin
2021-09-02 15:14:13,861 [INFO] IPUIPlugin:64 - create IPUIPlugin
2021-09-02 15:14:13,861 [INFO] IPUIPlugin:64 - create IPUIPlugin
2021-09-02 15:14:13,861 [INFO] IPUIPlugin:64 - create IPUIPlugin
2021-09-02 15:14:13,862 [INFO] IPUIPlugin:64 - create IPUIPlugin
2021-09-02 15:14:13,862 [INFO] IPUIPlugin:64 - create IPUIPlugin
2021-09-02 15:14:13,862 [INFO] IPUIPlugin:64 - create IPUIPlugin
2021-09-02 15:14:13,862 [INFO] IPUIPlugin:64 - create IPUIPlugin
2021-09-02 15:14:13,863 [INFO] IPUIPlugin:64 - create IPUIPlugin
2021-09-02 15:14:13,863 [INFO] IPUIPlugin:64 - create IPUIPlugin
2021-09-02 15:14:13,863 [INFO] IPUIPlugin:64 - create IPUIPlugin
2021-09-02 15:14:13,863 [INFO] IPUIPlugin:64 - create IPUIPlugin
2021-09-02 15:14:13,864 [INFO] IPUIPlugin:64 - create IPUIPlugin
2021-09-02 15:14:13,864 [INFO] IPUIPlugin:64 - create IPUIPlugin
2021-09-02 15:14:13,864 [INFO] IPUIPlugin:64 - create IPUIPlugin
2021-09-02 15:14:13,865 [INFO] IPUIPlugin:64 - create IPUIPlugin
2021-09-02 15:14:13,865 [INFO] IPUIPlugin:64 - create IPUIPlugin
2021-09-02 15:14:13,865 [INFO] IPUIPlugin:64 - create IPUIPlugin
2021-09-02 15:14:13,865 [INFO] IPUIPlugin:64 - create IPUIPlugin
2021-09-02 15:14:13,866 [INFO] IPUIPlugin:64 - create IPUIPlugin
2021-09-02 15:14:13,866 [INFO] IPUIPlugin:64 - create IPUIPlugin
2021-09-02 15:14:13,866 [INFO] IPUIPlugin:64 - create IPUIPlugin
2021-09-02 15:14:13,866 [INFO] IPUIPlugin:64 - create IPUIPlugin
2021-09-02 15:14:13,866 [INFO] IPUIPlugin:64 - create IPUIPlugin
2021-09-02 15:14:13,867 [INFO] IPUIPlugin:64 - create IPUIPlugin
2021-09-02 15:14:13,867 [INFO] IPUIPlugin:64 - create IPUIPlugin
2021-09-02 15:14:13,867 [INFO] IPUIPlugin:64 - create IPUIPlugin
2021-09-02 15:14:13,867 [INFO] IPUIPlugin:64 - create IPUIPlugin
2021-09-02 15:14:13,868 [INFO] IPUIPlugin:64 - create IPUIPlugin
2021-09-02 15:14:13,868 [INFO] IPUIPlugin:64 - create IPUIPlugin
2021-09-02 15:14:13,868 [INFO] IPUIPlugin:64 - create IPUIPlugin
2021-09-02 15:14:13,868 [INFO] IPUIPlugin:64 - create IPUIPlugin
2021-09-02 15:14:13,868 [INFO] IPUIPlugin:64 - create IPUIPlugin
2021-09-02 15:14:13,869 [INFO] IPUIPlugin:64 - create IPUIPlugin
2021-09-02 15:14:13,869 [INFO] IPUIPlugin:64 - create IPUIPlugin
2021-09-02 15:14:13,869 [INFO] IPUIPlugin:64 - create IPUIPlugin
2021-09-02 15:14:13,875 [INFO] ApiDbMcu:456 - Load IP Config File for PDM2PCM
2021-09-02 15:14:13,900 [WARN] FreeRTOS:980 - Null or empty value: should not occur! (nothing added to the table)
2021-09-02 15:14:13,915 [INFO] LogOutputStream:76 - [STDOUT_REDIRECT] toolchainItems.length=====1
2021-09-02 15:14:13,983 [INFO] RtosManager:591 - Active RTOS found at IOC load: FREERTOS [Cortex-M4NS]
2021-09-02 15:14:13,985 [INFO] OpenFileManager:294 - Restore cursor
2021-09-02 15:14:29,353 [ERROR] RtosPanel:542 - Can not restore the selected Tab for FREERTOS(A reason can be that the tab is no more available.)
2021-09-02 15:14:33,927 [INFO] TasksAndQueuesTab:731 - Dynamic
2021-09-02 15:14:33,927 [WARN] TasksAndQueuesTab:737 - 128 128
2021-09-02 15:14:33,927 [WARN] TasksAndQueuesTab:749 - max value is: 3840.0
2021-09-02 15:14:38,959 [INFO] EditThreadDialog:688 - RAM SIZE (in KB): 128
2021-09-02 15:14:38,959 [INFO] EditThreadDialog:690 - RAM SIZE (in words): 32768
2021-09-02 15:15:22,159 [INFO] TasksAndQueuesTab:731 - Dynamic
2021-09-02 15:15:22,160 [WARN] TasksAndQueuesTab:737 - 128 128
2021-09-02 15:15:22,160 [WARN] TasksAndQueuesTab:749 - max value is: 3840.0
2021-09-02 15:15:28,037 [INFO] UtilMem:74 - End SaveConfig() Used Memory: 698462208 Bytes (909115392)
2021-09-02 15:15:33,265 [INFO] UtilMem:74 - End SaveConfig() Used Memory: 419390064 Bytes (909115392)
2021-09-02 15:15:33,620 [INFO] BlockDiagram:2735 - set Specific Code input for plugin: NVIC
2021-09-02 15:15:33,620 [INFO] BlockDiagram:2735 - set Specific Code input for plugin: FREERTOS
2021-09-02 15:15:33,620 [INFO] BlockDiagram:2735 - set Specific Code input for plugin: SYS
2021-09-02 15:15:33,620 [INFO] BlockDiagram:2735 - set Specific Code input for plugin: GPIO
2021-09-02 15:15:33,620 [INFO] BlockDiagram:2735 - set Specific Code input for plugin: RCC
2021-09-02 15:15:33,621 [INFO] CodeGenerator:639 - code generatio: config db path: /opt/st/stm32cubeide_1.5.0/../../../home/h3l/.eclipse/com.st.stm32cube.ide.mcu.rcp.product_1.5.0_1935173080_linux_gtk_x86_64/plugins/com.st.stm32cube.common.mx_6.1.1.202012091304//db/
2021-09-02 15:15:33,911 [INFO] CodeEngine:229 - oldGeneratedFile, /home/h3l/Documents/Studium/Auslandssemster/Vorlesungen/SmartSystems/working_directory/uC/Pinball_Controller_V0/MXTmpFiles/license.tmp_save
2021-09-02 15:15:34,121 [INFO] CodeEngine:247 - Generated code: /home/h3l/Documents/Studium/Auslandssemster/Vorlesungen/SmartSystems/working_directory/uC/Pinball_Controller_V0/MXTmpFiles/license.tmp
2021-09-02 15:15:34,152 [INFO] CodeEngine:229 - oldGeneratedFile, /home/h3l/Documents/Studium/Auslandssemster/Vorlesungen/SmartSystems/working_directory/uC/Pinball_Controller_V0/MXTmpFiles/gpio.tmp_save
2021-09-02 15:15:34,211 [INFO] CodeEngine:247 - Generated code: /home/h3l/Documents/Studium/Auslandssemster/Vorlesungen/SmartSystems/working_directory/uC/Pinball_Controller_V0/MXTmpFiles/gpio.tmp
2021-09-02 15:15:34,228 [INFO] LogOutputStream:76 - [STDOUT_REDIRECT] Command line
2021-09-02 15:15:34,236 [INFO] Middleware:1252 - No code input for Bsp Dependency
2021-09-02 15:15:34,239 [INFO] CodeEngine:229 - oldGeneratedFile, /home/h3l/Documents/Studium/Auslandssemster/Vorlesungen/SmartSystems/working_directory/uC/Pinball_Controller_V0/MXTmpFiles/rtos_inc.tmp_save
2021-09-02 15:15:34,268 [INFO] CodeEngine:247 - Generated code: /home/h3l/Documents/Studium/Auslandssemster/Vorlesungen/SmartSystems/working_directory/uC/Pinball_Controller_V0/MXTmpFiles/rtos_inc.tmp
2021-09-02 15:15:34,269 [INFO] CodeEngine:229 - oldGeneratedFile, /home/h3l/Documents/Studium/Auslandssemster/Vorlesungen/SmartSystems/working_directory/uC/Pinball_Controller_V0/MXTmpFiles/rtos_kernelInit.tmp_save
2021-09-02 15:15:34,300 [INFO] CodeEngine:247 - Generated code: /home/h3l/Documents/Studium/Auslandssemster/Vorlesungen/SmartSystems/working_directory/uC/Pinball_Controller_V0/MXTmpFiles/rtos_kernelInit.tmp
2021-09-02 15:15:34,301 [INFO] CodeEngine:229 - oldGeneratedFile, /home/h3l/Documents/Studium/Auslandssemster/Vorlesungen/SmartSystems/working_directory/uC/Pinball_Controller_V0/MXTmpFiles/rtos_kernelStart.tmp_save
2021-09-02 15:15:34,330 [INFO] CodeEngine:247 - Generated code: /home/h3l/Documents/Studium/Auslandssemster/Vorlesungen/SmartSystems/working_directory/uC/Pinball_Controller_V0/MXTmpFiles/rtos_kernelStart.tmp
2021-09-02 15:15:34,331 [INFO] CodeEngine:229 - oldGeneratedFile, /home/h3l/Documents/Studium/Auslandssemster/Vorlesungen/SmartSystems/working_directory/uC/Pinball_Controller_V0/MXTmpFiles/rtos_typedefs.tmp_save
2021-09-02 15:15:34,361 [INFO] CodeEngine:247 - Generated code: /home/h3l/Documents/Studium/Auslandssemster/Vorlesungen/SmartSystems/working_directory/uC/Pinball_Controller_V0/MXTmpFiles/rtos_typedefs.tmp
2021-09-02 15:15:34,362 [INFO] CodeEngine:229 - oldGeneratedFile, /home/h3l/Documents/Studium/Auslandssemster/Vorlesungen/SmartSystems/working_directory/uC/Pinball_Controller_V0/MXTmpFiles/rtos_vars.tmp_save
2021-09-02 15:15:34,393 [INFO] CodeEngine:247 - Generated code: /home/h3l/Documents/Studium/Auslandssemster/Vorlesungen/SmartSystems/working_directory/uC/Pinball_Controller_V0/MXTmpFiles/rtos_vars.tmp
2021-09-02 15:15:34,393 [INFO] CodeEngine:229 - oldGeneratedFile, /home/h3l/Documents/Studium/Auslandssemster/Vorlesungen/SmartSystems/working_directory/uC/Pinball_Controller_V0/MXTmpFiles/rtos_pfp.tmp_save
2021-09-02 15:15:34,422 [INFO] CodeEngine:247 - Generated code: /home/h3l/Documents/Studium/Auslandssemster/Vorlesungen/SmartSystems/working_directory/uC/Pinball_Controller_V0/MXTmpFiles/rtos_pfp.tmp
2021-09-02 15:15:34,423 [INFO] CodeEngine:229 - oldGeneratedFile, /home/h3l/Documents/Studium/Auslandssemster/Vorlesungen/SmartSystems/working_directory/uC/Pinball_Controller_V0/MXTmpFiles/rtos_obj_creat.tmp_save
2021-09-02 15:15:34,452 [INFO] CodeEngine:247 - Generated code: /home/h3l/Documents/Studium/Auslandssemster/Vorlesungen/SmartSystems/working_directory/uC/Pinball_Controller_V0/MXTmpFiles/rtos_obj_creat.tmp
2021-09-02 15:15:34,453 [INFO] CodeEngine:229 - oldGeneratedFile, /home/h3l/Documents/Studium/Auslandssemster/Vorlesungen/SmartSystems/working_directory/uC/Pinball_Controller_V0/MXTmpFiles/rtos_default_thread.tmp_save
2021-09-02 15:15:34,481 [INFO] CodeEngine:247 - Generated code: /home/h3l/Documents/Studium/Auslandssemster/Vorlesungen/SmartSystems/working_directory/uC/Pinball_Controller_V0/MXTmpFiles/rtos_default_thread.tmp
2021-09-02 15:15:34,482 [INFO] CodeEngine:229 - oldGeneratedFile, /home/h3l/Documents/Studium/Auslandssemster/Vorlesungen/SmartSystems/working_directory/uC/Pinball_Controller_V0/MXTmpFiles/rtos_threads.tmp_save
2021-09-02 15:15:34,511 [INFO] CodeEngine:247 - Generated code: /home/h3l/Documents/Studium/Auslandssemster/Vorlesungen/SmartSystems/working_directory/uC/Pinball_Controller_V0/MXTmpFiles/rtos_threads.tmp
2021-09-02 15:15:34,512 [INFO] CodeEngine:229 - oldGeneratedFile, /home/h3l/Documents/Studium/Auslandssemster/Vorlesungen/SmartSystems/working_directory/uC/Pinball_Controller_V0/Core/Inc/FreeRTOSConfig.h_save
2021-09-02 15:15:34,555 [INFO] CodeEngine:247 - Generated code: /home/h3l/Documents/Studium/Auslandssemster/Vorlesungen/SmartSystems/working_directory/uC/Pinball_Controller_V0/Core/Inc/FreeRTOSConfig.h
2021-09-02 15:15:34,556 [INFO] CodeEngine:229 - oldGeneratedFile, /home/h3l/Documents/Studium/Auslandssemster/Vorlesungen/SmartSystems/working_directory/uC/Pinball_Controller_V0/Core/Src/freertos.c_save
2021-09-02 15:15:34,605 [INFO] CodeEngine:247 - Generated code: /home/h3l/Documents/Studium/Auslandssemster/Vorlesungen/SmartSystems/working_directory/uC/Pinball_Controller_V0/Core/Src/freertos.c
2021-09-02 15:15:34,607 [INFO] CodeEngine:229 - oldGeneratedFile, /home/h3l/Documents/Studium/Auslandssemster/Vorlesungen/SmartSystems/working_directory/uC/Pinball_Controller_V0/Core/Src/stm32f4xx_it.c_save
2021-09-02 15:15:34,660 [INFO] CodeEngine:247 - Generated code: /home/h3l/Documents/Studium/Auslandssemster/Vorlesungen/SmartSystems/working_directory/uC/Pinball_Controller_V0/Core/Src/stm32f4xx_it.c
2021-09-02 15:15:34,661 [INFO] CodeEngine:229 - oldGeneratedFile, /home/h3l/Documents/Studium/Auslandssemster/Vorlesungen/SmartSystems/working_directory/uC/Pinball_Controller_V0/Core/Inc/stm32f4xx_it.h_save
2021-09-02 15:15:34,691 [INFO] CodeEngine:247 - Generated code: /home/h3l/Documents/Studium/Auslandssemster/Vorlesungen/SmartSystems/working_directory/uC/Pinball_Controller_V0/Core/Inc/stm32f4xx_it.h
2021-09-02 15:15:34,694 [INFO] CodeEngine:229 - oldGeneratedFile, /home/h3l/Documents/Studium/Auslandssemster/Vorlesungen/SmartSystems/working_directory/uC/Pinball_Controller_V0/Core/Src/stm32f4xx_hal_msp.c_save
2021-09-02 15:15:34,782 [INFO] CodeEngine:247 - Generated code: /home/h3l/Documents/Studium/Auslandssemster/Vorlesungen/SmartSystems/working_directory/uC/Pinball_Controller_V0/Core/Src/stm32f4xx_hal_msp.c
2021-09-02 15:15:34,783 [INFO] CodeEngine:229 - oldGeneratedFile, /home/h3l/Documents/Studium/Auslandssemster/Vorlesungen/SmartSystems/working_directory/uC/Pinball_Controller_V0/MXTmpFiles/system.tmp_save
2021-09-02 15:15:34,857 [INFO] CodeEngine:247 - Generated code: /home/h3l/Documents/Studium/Auslandssemster/Vorlesungen/SmartSystems/working_directory/uC/Pinball_Controller_V0/MXTmpFiles/system.tmp
2021-09-02 15:15:34,860 [INFO] CodeEngine:229 - oldGeneratedFile, /home/h3l/Documents/Studium/Auslandssemster/Vorlesungen/SmartSystems/working_directory/uC/Pinball_Controller_V0/Core/Src/stm32f4xx_hal_timebase_tim.c_save
2021-09-02 15:15:34,891 [INFO] CodeEngine:247 - Generated code: /home/h3l/Documents/Studium/Auslandssemster/Vorlesungen/SmartSystems/working_directory/uC/Pinball_Controller_V0/Core/Src/stm32f4xx_hal_timebase_tim.c
2021-09-02 15:15:34,893 [INFO] CodeEngine:229 - oldGeneratedFile, /home/h3l/Documents/Studium/Auslandssemster/Vorlesungen/SmartSystems/working_directory/uC/Pinball_Controller_V0/Core/Inc/stm32f4xx_hal_conf.h_save
2021-09-02 15:15:34,931 [INFO] CodeEngine:247 - Generated code: /home/h3l/Documents/Studium/Auslandssemster/Vorlesungen/SmartSystems/working_directory/uC/Pinball_Controller_V0/Core/Inc/stm32f4xx_hal_conf.h
2021-09-02 15:15:34,947 [INFO] CodeEngine:229 - oldGeneratedFile, /home/h3l/Documents/Studium/Auslandssemster/Vorlesungen/SmartSystems/working_directory/uC/Pinball_Controller_V0/Core/Inc/main.h_save
2021-09-02 15:15:34,984 [INFO] CodeEngine:247 - Generated code: /home/h3l/Documents/Studium/Auslandssemster/Vorlesungen/SmartSystems/working_directory/uC/Pinball_Controller_V0/Core/Inc/main.h
2021-09-02 15:15:34,985 [INFO] CodeEngine:229 - oldGeneratedFile, /home/h3l/Documents/Studium/Auslandssemster/Vorlesungen/SmartSystems/working_directory/uC/Pinball_Controller_V0/Core/Src/main.c_save
2021-09-02 15:15:35,046 [INFO] CodeEngine:247 - Generated code: /home/h3l/Documents/Studium/Auslandssemster/Vorlesungen/SmartSystems/working_directory/uC/Pinball_Controller_V0/Core/Src/main.c
2021-09-02 15:15:35,431 [INFO] ProjectBuilder:2328 - Time for Copy HAL[1] : 41mS.
2021-09-02 15:15:35,435 [INFO] ProjectBuilder:3259 - Project Generator version: 3.11.2
2021-09-02 15:15:35,587 [INFO] ConfigFileManager:1238 - The Die is : DIE431
2021-09-02 15:15:35,591 [INFO] ApiDbMcu:456 - Load IP Config File for FATFS
2021-09-02 15:15:35,592 [INFO] ApiDbMcu:456 - Load IP Config File for LIBJPEG
2021-09-02 15:15:35,595 [INFO] ApiDbMcu:456 - Load IP Config File for MBEDTLS
2021-09-02 15:15:35,601 [INFO] ApiDbMcu:456 - Load IP Config File for USB_DEVICE
2021-09-02 15:15:35,604 [INFO] ApiDbMcu:456 - Load IP Config File for USB_HOST
2021-09-02 15:15:37,072 [INFO] ProjectBuilder:3425 - Time for Generating toolchain IDE Files: 1636mS.
2021-09-02 15:15:37,077 [INFO] ProjectBuilder:2207 - Time for Copy CMSIS : 4mS.
2021-09-02 15:15:37,078 [INFO] ProjectBuilder:2207 - Time for Copy CMSIS : 0mS.
2021-09-02 15:28:36,425 [ERROR] RtosPanel:542 - Can not restore the selected Tab for FREERTOS(A reason can be that the tab is no more available.)
2021-09-02 15:28:39,331 [INFO] DbMcusDocs:145 - JSON generation date=Tue Jan 12 13:36:04 CET 2021 (1610454964)
2021-09-02 15:28:39,409 [INFO] DbMcusDocs:81 - Found 614 MCUs documents
2021-09-02 16:25:17,764 [INFO] TasksAndQueuesTab:731 - Dynamic
2021-09-02 16:25:17,764 [WARN] TasksAndQueuesTab:737 - 128 128
2021-09-02 16:25:17,764 [WARN] TasksAndQueuesTab:749 - max value is: 3840.0
2021-09-02 16:35:10,679 [INFO] NvicIntPanel:90 - NVIC parent = com.st.microxplorer.plugins.ip.nvic.MultiNvicIntPanel[,0,0,606x540,layout=javax.swing.BoxLayout,alignmentX=0.0,alignmentY=0.0,border=,flags=9,maximumSize=,minimumSize=,preferredSize=]
2021-09-02 16:36:54,698 [INFO] UtilMem:74 - End SaveConfig() Used Memory: 466905184 Bytes (1045430272)
2021-09-02 16:36:54,872 [INFO] UtilMem:74 - End SaveConfig() Used Memory: 525974536 Bytes (1045430272)
2021-09-02 16:36:54,962 [INFO] BlockDiagram:2735 - set Specific Code input for plugin: USB_OTG_FS
2021-09-02 16:36:54,962 [INFO] BlockDiagram:2735 - set Specific Code input for plugin: NVIC
2021-09-02 16:36:54,962 [INFO] BlockDiagram:2735 - set Specific Code input for plugin: FREERTOS
2021-09-02 16:36:54,962 [INFO] BlockDiagram:2735 - set Specific Code input for plugin: USB_DEVICE
2021-09-02 16:36:54,962 [INFO] BlockDiagram:2735 - set Specific Code input for plugin: SYS
2021-09-02 16:36:54,963 [INFO] BlockDiagram:2735 - set Specific Code input for plugin: GPIO
2021-09-02 16:36:54,963 [INFO] BlockDiagram:2735 - set Specific Code input for plugin: RCC
2021-09-02 16:36:54,963 [INFO] CodeGenerator:639 - code generatio: config db path: /opt/st/stm32cubeide_1.5.0/../../../home/h3l/.eclipse/com.st.stm32cube.ide.mcu.rcp.product_1.5.0_1935173080_linux_gtk_x86_64/plugins/com.st.stm32cube.common.mx_6.1.1.202012091304//db/
2021-09-02 16:36:55,124 [INFO] CodeEngine:229 - oldGeneratedFile, /home/h3l/Documents/Studium/Auslandssemster/Vorlesungen/SmartSystems/working_directory/uC/Pinball_Controller_V0/MXTmpFiles/license.tmp_save
2021-09-02 16:36:55,163 [INFO] CodeEngine:247 - Generated code: /home/h3l/Documents/Studium/Auslandssemster/Vorlesungen/SmartSystems/working_directory/uC/Pinball_Controller_V0/MXTmpFiles/license.tmp
2021-09-02 16:36:55,172 [INFO] CodeEngine:229 - oldGeneratedFile, /home/h3l/Documents/Studium/Auslandssemster/Vorlesungen/SmartSystems/working_directory/uC/Pinball_Controller_V0/MXTmpFiles/gpio.tmp_save
2021-09-02 16:36:55,216 [INFO] CodeEngine:247 - Generated code: /home/h3l/Documents/Studium/Auslandssemster/Vorlesungen/SmartSystems/working_directory/uC/Pinball_Controller_V0/MXTmpFiles/gpio.tmp
2021-09-02 16:36:55,218 [INFO] LogOutputStream:76 - [STDOUT_REDIRECT] Command line test
2021-09-02 16:36:55,242 [INFO] CodeEngine:229 - oldGeneratedFile, /home/h3l/Documents/Studium/Auslandssemster/Vorlesungen/SmartSystems/working_directory/uC/Pinball_Controller_V0/MXTmpFiles/usb_otg_fs_vars.tmp_save
2021-09-02 16:36:55,276 [INFO] CodeEngine:247 - Generated code: /home/h3l/Documents/Studium/Auslandssemster/Vorlesungen/SmartSystems/working_directory/uC/Pinball_Controller_V0/MXTmpFiles/usb_otg_fs_vars.tmp
2021-09-02 16:36:55,277 [INFO] CodeEngine:229 - oldGeneratedFile, /home/h3l/Documents/Studium/Auslandssemster/Vorlesungen/SmartSystems/working_directory/uC/Pinball_Controller_V0/MXTmpFiles/usb_otg_fs_inc.tmp_save
2021-09-02 16:36:55,302 [INFO] CodeEngine:247 - Generated code: /home/h3l/Documents/Studium/Auslandssemster/Vorlesungen/SmartSystems/working_directory/uC/Pinball_Controller_V0/MXTmpFiles/usb_otg_fs_inc.tmp
2021-09-02 16:36:55,303 [INFO] CodeEngine:229 - oldGeneratedFile, /home/h3l/Documents/Studium/Auslandssemster/Vorlesungen/SmartSystems/working_directory/uC/Pinball_Controller_V0/MXTmpFiles/usb_otg_fs_HalInit.tmp_save
2021-09-02 16:36:55,334 [INFO] CodeEngine:247 - Generated code: /home/h3l/Documents/Studium/Auslandssemster/Vorlesungen/SmartSystems/working_directory/uC/Pinball_Controller_V0/MXTmpFiles/usb_otg_fs_HalInit.tmp
2021-09-02 16:36:55,335 [INFO] CodeEngine:229 - oldGeneratedFile, /home/h3l/Documents/Studium/Auslandssemster/Vorlesungen/SmartSystems/working_directory/uC/Pinball_Controller_V0/MXTmpFiles/usb_otg_fs_Msp.tmp_save
2021-09-02 16:36:55,369 [INFO] CodeEngine:247 - Generated code: /home/h3l/Documents/Studium/Auslandssemster/Vorlesungen/SmartSystems/working_directory/uC/Pinball_Controller_V0/MXTmpFiles/usb_otg_fs_Msp.tmp
2021-09-02 16:36:55,393 [INFO] LogOutputStream:76 - [STDOUT_REDIRECT] Command line
2021-09-02 16:36:55,397 [INFO] Middleware:1252 - No code input for Bsp Dependency
2021-09-02 16:36:55,398 [INFO] CodeEngine:229 - oldGeneratedFile, /home/h3l/Documents/Studium/Auslandssemster/Vorlesungen/SmartSystems/working_directory/uC/Pinball_Controller_V0/MXTmpFiles/rtos_inc.tmp_save
2021-09-02 16:36:55,423 [INFO] CodeEngine:247 - Generated code: /home/h3l/Documents/Studium/Auslandssemster/Vorlesungen/SmartSystems/working_directory/uC/Pinball_Controller_V0/MXTmpFiles/rtos_inc.tmp
2021-09-02 16:36:55,423 [INFO] CodeEngine:229 - oldGeneratedFile, /home/h3l/Documents/Studium/Auslandssemster/Vorlesungen/SmartSystems/working_directory/uC/Pinball_Controller_V0/MXTmpFiles/rtos_kernelInit.tmp_save
2021-09-02 16:36:55,447 [INFO] CodeEngine:247 - Generated code: /home/h3l/Documents/Studium/Auslandssemster/Vorlesungen/SmartSystems/working_directory/uC/Pinball_Controller_V0/MXTmpFiles/rtos_kernelInit.tmp
2021-09-02 16:36:55,448 [INFO] CodeEngine:229 - oldGeneratedFile, /home/h3l/Documents/Studium/Auslandssemster/Vorlesungen/SmartSystems/working_directory/uC/Pinball_Controller_V0/MXTmpFiles/rtos_kernelStart.tmp_save
2021-09-02 16:36:55,471 [INFO] CodeEngine:247 - Generated code: /home/h3l/Documents/Studium/Auslandssemster/Vorlesungen/SmartSystems/working_directory/uC/Pinball_Controller_V0/MXTmpFiles/rtos_kernelStart.tmp
2021-09-02 16:36:55,472 [INFO] CodeEngine:229 - oldGeneratedFile, /home/h3l/Documents/Studium/Auslandssemster/Vorlesungen/SmartSystems/working_directory/uC/Pinball_Controller_V0/MXTmpFiles/rtos_typedefs.tmp_save
2021-09-02 16:36:55,496 [INFO] CodeEngine:247 - Generated code: /home/h3l/Documents/Studium/Auslandssemster/Vorlesungen/SmartSystems/working_directory/uC/Pinball_Controller_V0/MXTmpFiles/rtos_typedefs.tmp
2021-09-02 16:36:55,497 [INFO] CodeEngine:229 - oldGeneratedFile, /home/h3l/Documents/Studium/Auslandssemster/Vorlesungen/SmartSystems/working_directory/uC/Pinball_Controller_V0/MXTmpFiles/rtos_vars.tmp_save
2021-09-02 16:36:55,521 [INFO] CodeEngine:247 - Generated code: /home/h3l/Documents/Studium/Auslandssemster/Vorlesungen/SmartSystems/working_directory/uC/Pinball_Controller_V0/MXTmpFiles/rtos_vars.tmp
2021-09-02 16:36:55,522 [INFO] CodeEngine:229 - oldGeneratedFile, /home/h3l/Documents/Studium/Auslandssemster/Vorlesungen/SmartSystems/working_directory/uC/Pinball_Controller_V0/MXTmpFiles/rtos_pfp.tmp_save
2021-09-02 16:36:55,546 [INFO] CodeEngine:247 - Generated code: /home/h3l/Documents/Studium/Auslandssemster/Vorlesungen/SmartSystems/working_directory/uC/Pinball_Controller_V0/MXTmpFiles/rtos_pfp.tmp
2021-09-02 16:36:55,546 [INFO] CodeEngine:229 - oldGeneratedFile, /home/h3l/Documents/Studium/Auslandssemster/Vorlesungen/SmartSystems/working_directory/uC/Pinball_Controller_V0/MXTmpFiles/rtos_obj_creat.tmp_save
2021-09-02 16:36:55,571 [INFO] CodeEngine:247 - Generated code: /home/h3l/Documents/Studium/Auslandssemster/Vorlesungen/SmartSystems/working_directory/uC/Pinball_Controller_V0/MXTmpFiles/rtos_obj_creat.tmp
2021-09-02 16:36:55,572 [INFO] CodeEngine:229 - oldGeneratedFile, /home/h3l/Documents/Studium/Auslandssemster/Vorlesungen/SmartSystems/working_directory/uC/Pinball_Controller_V0/MXTmpFiles/rtos_default_thread.tmp_save
2021-09-02 16:36:55,596 [INFO] CodeEngine:247 - Generated code: /home/h3l/Documents/Studium/Auslandssemster/Vorlesungen/SmartSystems/working_directory/uC/Pinball_Controller_V0/MXTmpFiles/rtos_default_thread.tmp
2021-09-02 16:36:55,597 [INFO] CodeEngine:229 - oldGeneratedFile, /home/h3l/Documents/Studium/Auslandssemster/Vorlesungen/SmartSystems/working_directory/uC/Pinball_Controller_V0/MXTmpFiles/rtos_threads.tmp_save
2021-09-02 16:36:55,621 [INFO] CodeEngine:247 - Generated code: /home/h3l/Documents/Studium/Auslandssemster/Vorlesungen/SmartSystems/working_directory/uC/Pinball_Controller_V0/MXTmpFiles/rtos_threads.tmp
2021-09-02 16:36:55,622 [INFO] CodeEngine:229 - oldGeneratedFile, /home/h3l/Documents/Studium/Auslandssemster/Vorlesungen/SmartSystems/working_directory/uC/Pinball_Controller_V0/Core/Inc/FreeRTOSConfig.h_save
2021-09-02 16:36:55,667 [INFO] CodeEngine:247 - Generated code: /home/h3l/Documents/Studium/Auslandssemster/Vorlesungen/SmartSystems/working_directory/uC/Pinball_Controller_V0/Core/Inc/FreeRTOSConfig.h
2021-09-02 16:36:55,668 [INFO] CodeEngine:229 - oldGeneratedFile, /home/h3l/Documents/Studium/Auslandssemster/Vorlesungen/SmartSystems/working_directory/uC/Pinball_Controller_V0/Core/Src/freertos.c_save
2021-09-02 16:36:55,705 [INFO] CodeEngine:247 - Generated code: /home/h3l/Documents/Studium/Auslandssemster/Vorlesungen/SmartSystems/working_directory/uC/Pinball_Controller_V0/Core/Src/freertos.c
2021-09-02 16:36:55,706 [INFO] LogOutputStream:76 - [STDOUT_REDIRECT] Command line
2021-09-02 16:36:55,713 [INFO] Middleware:1252 - No code input for Bsp Dependency
2021-09-02 16:36:55,716 [INFO] CodeEngine:229 - oldGeneratedFile, /home/h3l/Documents/Studium/Auslandssemster/Vorlesungen/SmartSystems/working_directory/uC/Pinball_Controller_V0/USB_DEVICE/App/usb_device.c_save
2021-09-02 16:36:55,748 [INFO] CodeEngine:247 - Generated code: /home/h3l/Documents/Studium/Auslandssemster/Vorlesungen/SmartSystems/working_directory/uC/Pinball_Controller_V0/USB_DEVICE/App/usb_device.c
2021-09-02 16:36:55,749 [INFO] CodeEngine:229 - oldGeneratedFile, /home/h3l/Documents/Studium/Auslandssemster/Vorlesungen/SmartSystems/working_directory/uC/Pinball_Controller_V0/USB_DEVICE/App/usb_device.h_save
2021-09-02 16:36:55,774 [INFO] CodeEngine:247 - Generated code: /home/h3l/Documents/Studium/Auslandssemster/Vorlesungen/SmartSystems/working_directory/uC/Pinball_Controller_V0/USB_DEVICE/App/usb_device.h
2021-09-02 16:36:55,774 [INFO] CodeEngine:229 - oldGeneratedFile, /home/h3l/Documents/Studium/Auslandssemster/Vorlesungen/SmartSystems/working_directory/uC/Pinball_Controller_V0/USB_DEVICE/Target/usbd_conf.h_save
2021-09-02 16:36:55,799 [INFO] CodeEngine:247 - Generated code: /home/h3l/Documents/Studium/Auslandssemster/Vorlesungen/SmartSystems/working_directory/uC/Pinball_Controller_V0/USB_DEVICE/Target/usbd_conf.h
2021-09-02 16:36:55,800 [INFO] CodeEngine:229 - oldGeneratedFile, /home/h3l/Documents/Studium/Auslandssemster/Vorlesungen/SmartSystems/working_directory/uC/Pinball_Controller_V0/USB_DEVICE/Target/usbd_conf.c_save
2021-09-02 16:36:55,830 [INFO] CodeEngine:247 - Generated code: /home/h3l/Documents/Studium/Auslandssemster/Vorlesungen/SmartSystems/working_directory/uC/Pinball_Controller_V0/USB_DEVICE/Target/usbd_conf.c
2021-09-02 16:36:55,831 [INFO] CodeEngine:229 - oldGeneratedFile, /home/h3l/Documents/Studium/Auslandssemster/Vorlesungen/SmartSystems/working_directory/uC/Pinball_Controller_V0/USB_DEVICE/App/usbd_desc.h_save
2021-09-02 16:36:55,855 [INFO] CodeEngine:247 - Generated code: /home/h3l/Documents/Studium/Auslandssemster/Vorlesungen/SmartSystems/working_directory/uC/Pinball_Controller_V0/USB_DEVICE/App/usbd_desc.h
2021-09-02 16:36:55,856 [INFO] CodeEngine:229 - oldGeneratedFile, /home/h3l/Documents/Studium/Auslandssemster/Vorlesungen/SmartSystems/working_directory/uC/Pinball_Controller_V0/USB_DEVICE/App/usbd_desc.c_save
2021-09-02 16:36:55,885 [INFO] CodeEngine:247 - Generated code: /home/h3l/Documents/Studium/Auslandssemster/Vorlesungen/SmartSystems/working_directory/uC/Pinball_Controller_V0/USB_DEVICE/App/usbd_desc.c
2021-09-02 16:36:55,886 [INFO] CodeEngine:229 - oldGeneratedFile, /home/h3l/Documents/Studium/Auslandssemster/Vorlesungen/SmartSystems/working_directory/uC/Pinball_Controller_V0/USB_DEVICE/App/usbd_cdc_if.h_save
2021-09-02 16:36:55,963 [INFO] CodeEngine:247 - Generated code: /home/h3l/Documents/Studium/Auslandssemster/Vorlesungen/SmartSystems/working_directory/uC/Pinball_Controller_V0/USB_DEVICE/App/usbd_cdc_if.h
2021-09-02 16:36:55,965 [INFO] CodeEngine:229 - oldGeneratedFile, /home/h3l/Documents/Studium/Auslandssemster/Vorlesungen/SmartSystems/working_directory/uC/Pinball_Controller_V0/USB_DEVICE/App/usbd_cdc_if.c_save
2021-09-02 16:36:55,992 [INFO] CodeEngine:247 - Generated code: /home/h3l/Documents/Studium/Auslandssemster/Vorlesungen/SmartSystems/working_directory/uC/Pinball_Controller_V0/USB_DEVICE/App/usbd_cdc_if.c
2021-09-02 16:36:55,995 [INFO] CodeEngine:229 - oldGeneratedFile, /home/h3l/Documents/Studium/Auslandssemster/Vorlesungen/SmartSystems/working_directory/uC/Pinball_Controller_V0/Core/Src/stm32f4xx_it.c_save
2021-09-02 16:36:56,029 [INFO] CodeEngine:247 - Generated code: /home/h3l/Documents/Studium/Auslandssemster/Vorlesungen/SmartSystems/working_directory/uC/Pinball_Controller_V0/Core/Src/stm32f4xx_it.c
2021-09-02 16:36:56,030 [INFO] CodeEngine:229 - oldGeneratedFile, /home/h3l/Documents/Studium/Auslandssemster/Vorlesungen/SmartSystems/working_directory/uC/Pinball_Controller_V0/Core/Inc/stm32f4xx_it.h_save
2021-09-02 16:36:56,056 [INFO] CodeEngine:247 - Generated code: /home/h3l/Documents/Studium/Auslandssemster/Vorlesungen/SmartSystems/working_directory/uC/Pinball_Controller_V0/Core/Inc/stm32f4xx_it.h
2021-09-02 16:36:56,060 [INFO] CodeEngine:229 - oldGeneratedFile, /home/h3l/Documents/Studium/Auslandssemster/Vorlesungen/SmartSystems/working_directory/uC/Pinball_Controller_V0/Core/Src/stm32f4xx_hal_msp.c_save
2021-09-02 16:36:56,098 [INFO] CodeEngine:247 - Generated code: /home/h3l/Documents/Studium/Auslandssemster/Vorlesungen/SmartSystems/working_directory/uC/Pinball_Controller_V0/Core/Src/stm32f4xx_hal_msp.c
2021-09-02 16:36:56,098 [INFO] CodeEngine:229 - oldGeneratedFile, /home/h3l/Documents/Studium/Auslandssemster/Vorlesungen/SmartSystems/working_directory/uC/Pinball_Controller_V0/MXTmpFiles/system.tmp_save
2021-09-02 16:36:56,123 [INFO] CodeEngine:247 - Generated code: /home/h3l/Documents/Studium/Auslandssemster/Vorlesungen/SmartSystems/working_directory/uC/Pinball_Controller_V0/MXTmpFiles/system.tmp
2021-09-02 16:36:56,124 [INFO] CodeEngine:229 - oldGeneratedFile, /home/h3l/Documents/Studium/Auslandssemster/Vorlesungen/SmartSystems/working_directory/uC/Pinball_Controller_V0/Core/Src/stm32f4xx_hal_timebase_tim.c_save
2021-09-02 16:36:56,153 [INFO] CodeEngine:247 - Generated code: /home/h3l/Documents/Studium/Auslandssemster/Vorlesungen/SmartSystems/working_directory/uC/Pinball_Controller_V0/Core/Src/stm32f4xx_hal_timebase_tim.c
2021-09-02 16:36:56,155 [INFO] CodeEngine:229 - oldGeneratedFile, /home/h3l/Documents/Studium/Auslandssemster/Vorlesungen/SmartSystems/working_directory/uC/Pinball_Controller_V0/Core/Inc/stm32f4xx_hal_conf.h_save
2021-09-02 16:36:56,187 [INFO] CodeEngine:247 - Generated code: /home/h3l/Documents/Studium/Auslandssemster/Vorlesungen/SmartSystems/working_directory/uC/Pinball_Controller_V0/Core/Inc/stm32f4xx_hal_conf.h
2021-09-02 16:36:56,198 [INFO] CodeEngine:229 - oldGeneratedFile, /home/h3l/Documents/Studium/Auslandssemster/Vorlesungen/SmartSystems/working_directory/uC/Pinball_Controller_V0/Core/Inc/main.h_save
2021-09-02 16:36:56,226 [INFO] CodeEngine:247 - Generated code: /home/h3l/Documents/Studium/Auslandssemster/Vorlesungen/SmartSystems/working_directory/uC/Pinball_Controller_V0/Core/Inc/main.h
2021-09-02 16:36:56,227 [INFO] CodeEngine:229 - oldGeneratedFile, /home/h3l/Documents/Studium/Auslandssemster/Vorlesungen/SmartSystems/working_directory/uC/Pinball_Controller_V0/Core/Src/main.c_save
2021-09-02 16:36:56,274 [INFO] CodeEngine:247 - Generated code: /home/h3l/Documents/Studium/Auslandssemster/Vorlesungen/SmartSystems/working_directory/uC/Pinball_Controller_V0/Core/Src/main.c
2021-09-02 16:36:56,613 [INFO] ProjectBuilder:2328 - Time for Copy HAL[1] : 19mS.
2021-09-02 16:36:56,617 [INFO] ProjectBuilder:3259 - Project Generator version: 3.11.2
2021-09-02 16:36:56,754 [INFO] ConfigFileManager:1238 - The Die is : DIE431
2021-09-02 16:36:57,700 [INFO] ProjectBuilder:3425 - Time for Generating toolchain IDE Files: 1083mS.
2021-09-02 16:36:57,700 [INFO] ProjectBuilder:2207 - Time for Copy CMSIS : 0mS.
2021-09-02 16:36:57,701 [INFO] ProjectBuilder:2207 - Time for Copy CMSIS : 0mS.
