(---------------------------------------------------------------------)
(                                                                     )
(    NC DRILL Log                                                     )
(                                                                     )
(    Drawing          : sensor_board_routing.brd                      )
(    Software Version : 17.4S017                                      )
(    Date/Time        : Thu Sep 23 12:54:40 2021                      )
(                                                                     )
(---------------------------------------------------------------------)



 Processing NC Parameters file 'nc_param.txt' ...

 NC PARAMETERS
 -------------

 FORMAT   		3.5
 MACHINE-OFFSET		x:0.00000	y:0.00000   (mm)
 FEEDRATE		1
 COORDINATES		ABSOLUTE
 OUTPUT-UNITS		METRIC
 TOOL-ORDER		INCREASING
 REPEAT-CODES		YES
 SUPPRESS-LEAD-ZEROES	NO
 SUPPRESS-TRAIL-ZEROES	NO
 SUPPRESS-EQUAL		NO
 TOOL-SELECT		YES
 HEADER			none
 LEADER			12
 CODE			ASCII
 SEPARATE		YES
 SEPARATE-ROUTING	YES
 OPTIMIZE_DRILLING	YES
 ENHANCED_EXCELLON	YES
 SCALE			1.000000

 WARNING(SPMHMF-368): Cannot find NC Drill tool file 'nc_tools.txt'
 WARNING(SPMHMF-369): ... will auto-generate tool file 'nc_tools_auto.txt'.


     Auto-generating tool file 'nc_tools_auto.txt' ...

           Size  Plating  Tool        + Tolerance  - Tolerance

         0.2000  P        T01            0.100000     0.100000
         0.7620  P        T02            0.000000     0.000000
         0.8636  P        T03            0.000000     0.000000
         0.9398  P        T04            0.000000     0.000000
         1.3970  P        T05            0.000000     0.000000
         3.8100  P        T06            0.000000     0.000000


Drill files being output to directory 'C:/Users/markl/documents/Sem7/smartsystems/PinToWin/schematics/sensor_matrix/allegro/output' ...



     'sensor_board_routing-1-2.drl' created for holes connecting TOP and BOTTOM ; Plating = PLATED
     ---------------------------------------------------------------------------------------------

     Tool  Num     Size      +/- Tolerance     Plating   Quantity

     T01    1.   0.2000    0.1000/  0.1000      PLATED         12
     T02    2.   0.7620    0.0000/  0.0000      PLATED        176
     T03    3.   0.8636    0.0000/  0.0000      PLATED         40
     T04    4.   0.9398    0.0000/  0.0000      PLATED          8
     T05    5.   1.3970    0.0000/  0.0000      PLATED          3
     T06    6.   3.8100    0.0000/  0.0000      PLATED          1

     ---- Total holes:                                        240

     ---- Total head travel:              5.04 feet (1.54 meters)

