Thu Sep 23 12:02:25 2021				Page     1


 
Update Symbols/Modules Logfile
	Thu Sep 23 12:02:25 2021

------ Module Refresh Messages ------

SUMMARY:    Updated 0 out of 0 modules

------ End Module Messages     ------



(---------------------------------------------------------------------)
(                                                                     )
(    Refresh Symbol                                                   )
(                                                                     )
(    Drawing          : sensor_board_routing.brd                      )
(    Software Version : 17.4S017                                      )
(    Date/Time        : Thu Sep 23 12:02:25 2021                      )
(                                                                     )
(---------------------------------------------------------------------)


Thu Sep 23 12:02:25 2021				Page     1


------ Symbol Refresh Directives ------

Input design  = 'C:/Users/markl/documents/Sem7/smartsystems/PinToWin/schematics/sensor_matrix/allegro/sensor_board_routing.brd'
Output design = ''

Update mechanical symbols              = 'NO'
Update format symbols                  = 'NO'
Update package symbols                 = 'NO'
Update shape/flash symbols             = 'NO'
Update symbol padstacks                = 'NO'
Preserve padstacks replaced on pins    = 'NO'
Reset symbol text and size locations   = 'NO'
Reset Pin Escapes (fanouts)            = 'NO'
Ripup Etch                             = 'NO'
Reset custom drill data                = 'NO'
Symbol list file                       = 'c:/windows/temp/#Taaaaaq09380.tmp'


------ Library Paths ------
PSMPATH =  . 
           symbols 
           C:\Cadence\Company\pcb\symbols\connector 
           C:\Cadence\Company\pcb\symbols\ic 
           C:\Cadence\Company\pcb\symbols\other_symbols 
           C:\Cadence\Company\pcb\symbols\padsyms 
           C:\Cadence\Company\pcb\symbols\smd_misc 
           C:\Cadence\Company\pcb\symbols\tht_misc 
           C:\Cadence\Company\pcb\symbols\student 
           C:/Users/markl/Documents/Sem7/SmartSystems/PinToWin/schematics/parts 
           C:/Cadence/SPB_17.4/share/pcb/pcb_lib/symbols 

PADPATH =  . 
           symbols 
           padstacks 
           C:\Cadence\Company\pcb\padstacks 
           C:\Cadence\Company\pcb\padstacks\student 
           C:/Users/markl/Documents/Sem7/SmartSystems/PinToWin/schematics/parts 
           C:/Cadence/SPB_17.4/share/pcb/pcb_lib/symbols 


------ Symbol Refresh Messages ------

'BLACKPILL_FOOTPRINT'  symbol refreshed successfully.


----- Symbol Update Summary ----

Updated symbols: 1 out 1
    Design updated.

