(---------------------------------------------------------------------)
(                                                                     )
(    STEP Export                                                      )
(                                                                     )
(    Software Version : 17.4S017                                      )
(    Date/Time        : Fri Sep 24 18:19:33 2021                      )
(                                                                     )
(---------------------------------------------------------------------)




STEP file: sensor_board_routing
Design file: C:/Users/markl/documents/Sem7/smartsystems/PinToWin/schematics/sensor_matrix/allegro/sensor_board_routing.brd
Export units: Millimeter
STEP protocol: AP-214
Source identification: allegro_17.4S017
Export selected and highlighted parts?: NO
Export secondary parts?: NO
Export parts with mapped STEP Models?: YES
Ignore STEP definitions for mapped parts?: NO
Export parts without mapped STEP Models?: YES
Export assemblies and enclosures parts?: NO
Export mechanical drills?: YES
Export electrical through pin drills?: NO
Export electrical through via drills?: NO
Export bare board only?: NO
Export external copper?: NO
step_out complete.
